# JRE version: OpenJDK Runtime Environment (8.0_152-b06) (build 1.8.0_152-release-1136-b06)
# Java VM: OpenJDK 64-Bit Server VM (25.152-b06 mixed mode linux-amd64 compressed oops)
Heap:
 PSYoungGen      total 543744K, used 0K [0x00000000d5580000, 0x0000000100000000, 0x0000000100000000)
  eden space 388608K, 0% used [0x00000000d5580000,0x00000000d5580000,0x00000000ed100000)
  from space 155136K, 0% used [0x00000000ed100000,0x00000000ed100000,0x00000000f6880000)
  to   space 152576K, 0% used [0x00000000f6b00000,0x00000000f6b00000,0x0000000100000000)
 ParOldGen       total 508928K, used 328475K [0x0000000080000000, 0x000000009f100000, 0x00000000d5580000)
  object space 508928K, 64% used [0x0000000080000000,0x00000000940c6ef0,0x000000009f100000)
 Metaspace       used 180608K, capacity 186978K, committed 193792K, reserved 1218560K
  class space    used 21674K, capacity 22986K, committed 24064K, reserved 1048576K
GC Heap History (10 events):
Event: 10967.341 GC heap after
Heap after GC invocations=149 (full 20):
 PSYoungGen      total 515584K, used 103256K [0x00000000d5580000, 0x0000000100000000, 0x0000000100000000)
  eden space 412160K, 0% used [0x00000000d5580000,0x00000000d5580000,0x00000000ee800000)
  from space 103424K, 99% used [0x00000000ee800000,0x00000000f4cd62f0,0x00000000f4d00000)
  to   space 152064K, 0% used [0x00000000f6b80000,0x00000000f6b80000,0x0000000100000000)
 ParOldGen       total 508928K, used 142542K [0x0000000080000000, 0x000000009f100000, 0x00000000d5580000)
  object space 508928K, 28% used [0x0000000080000000,0x0000000088b33b78,0x000000009f100000)
 Metaspace       used 180912K, capacity 187230K, committed 193536K, reserved 1218560K
  class space    used 21708K, capacity 23018K, committed 24064K, reserved 1048576K
}
Event: 10967.860 GC heap before
{Heap before GC invocations=150 (full 20):
 PSYoungGen      total 515584K, used 515416K [0x00000000d5580000, 0x0000000100000000, 0x0000000100000000)
  eden space 412160K, 100% used [0x00000000d5580000,0x00000000ee800000,0x00000000ee800000)
  from space 103424K, 99% used [0x00000000ee800000,0x00000000f4cd62f0,0x00000000f4d00000)
  to   space 152064K, 0% used [0x00000000f6b80000,0x00000000f6b80000,0x0000000100000000)
 ParOldGen       total 508928K, used 142542K [0x0000000080000000, 0x000000009f100000, 0x00000000d5580000)
  object space 508928K, 28% used [0x0000000080000000,0x0000000088b33b78,0x000000009f100000)
 Metaspace       used 180913K, capacity 187230K, committed 193536K, reserved 1218560K
  class space    used 21709K, capacity 23018K, committed 24064K, reserved 1048576K
Event: 10968.080 GC heap after
Heap after GC invocations=150 (full 20):
 PSYoungGen      total 555008K, used 43872K [0x00000000d5580000, 0x0000000100000000, 0x0000000100000000)
  eden space 402944K, 0% used [0x00000000d5580000,0x00000000d5580000,0x00000000edf00000)
  from space 152064K, 28% used [0x00000000f6b80000,0x00000000f9658010,0x0000000100000000)
  to   space 143872K, 0% used [0x00000000edf00000,0x00000000edf00000,0x00000000f6b80000)
 ParOldGen       total 508928K, used 244489K [0x0000000080000000, 0x000000009f100000, 0x00000000d5580000)
  object space 508928K, 48% used [0x0000000080000000,0x000000008eec2440,0x000000009f100000)
 Metaspace       used 180913K, capacity 187230K, committed 193536K, reserved 1218560K
  class space    used 21709K, capacity 23018K, committed 24064K, reserved 1048576K
}
Event: 10971.116 GC heap before
{Heap before GC invocations=151 (full 20):
 PSYoungGen      total 555008K, used 446816K [0x00000000d5580000, 0x0000000100000000, 0x0000000100000000)
  eden space 402944K, 100% used [0x00000000d5580000,0x00000000edf00000,0x00000000edf00000)
  from space 152064K, 28% used [0x00000000f6b80000,0x00000000f9658010,0x0000000100000000)
  to   space 143872K, 0% used [0x00000000edf00000,0x00000000edf00000,0x00000000f6b80000)
 ParOldGen       total 508928K, used 244489K [0x0000000080000000, 0x000000009f100000, 0x00000000d5580000)
  object space 508928K, 48% used [0x0000000080000000,0x000000008eec2440,0x000000009f100000)
 Metaspace       used 188856K, capacity 195348K, committed 195840K, reserved 1220608K
  class space    used 22620K, capacity 23963K, committed 24064K, reserved 1048576K
Event: 10971.326 GC heap after
Heap after GC invocations=151 (full 20):
 PSYoungGen      total 546816K, used 83598K [0x00000000d5580000, 0x00000000ffd00000, 0x0000000100000000)
  eden space 402944K, 0% used [0x00000000d5580000,0x00000000d5580000,0x00000000edf00000)
  from space 143872K, 58% used [0x00000000edf00000,0x00000000f30a3ac8,0x00000000f6b80000)
  to   space 146432K, 0% used [0x00000000f6e00000,0x00000000f6e00000,0x00000000ffd00000)
 ParOldGen       total 508928K, used 288409K [0x0000000080000000, 0x000000009f100000, 0x00000000d5580000)
  object space 508928K, 56% used [0x0000000080000000,0x00000000919a6450,0x000000009f100000)
 Metaspace       used 188856K, capacity 195348K, committed 195840K, reserved 1220608K
  class space    used 22620K, capacity 23963K, committed 24064K, reserved 1048576K
}
Event: 10972.850 GC heap before
{Heap before GC invocations=152 (full 20):
 PSYoungGen      total 546816K, used 486542K [0x00000000d5580000, 0x00000000ffd00000, 0x0000000100000000)
  eden space 402944K, 100% used [0x00000000d5580000,0x00000000edf00000,0x00000000edf00000)
  from space 143872K, 58% used [0x00000000edf00000,0x00000000f30a3ac8,0x00000000f6b80000)
  to   space 146432K, 0% used [0x00000000f6e00000,0x00000000f6e00000,0x00000000ffd00000)
 ParOldGen       total 508928K, used 288409K [0x0000000080000000, 0x000000009f100000, 0x00000000d5580000)
  object space 508928K, 56% used [0x0000000080000000,0x00000000919a6450,0x000000009f100000)
 Metaspace       used 188872K, capacity 195348K, committed 195840K, reserved 1220608K
  class space    used 22621K, capacity 23963K, committed 24064K, reserved 1048576K
Event: 10973.048 GC heap after
Heap after GC invocations=152 (full 20):
 PSYoungGen      total 535040K, used 104090K [0x00000000d5580000, 0x0000000100000000, 0x0000000100000000)
  eden space 388608K, 0% used [0x00000000d5580000,0x00000000d5580000,0x00000000ed100000)
  from space 146432K, 71% used [0x00000000f6e00000,0x00000000fd3a6b98,0x00000000ffd00000)
  to   space 155136K, 0% used [0x00000000ed100000,0x00000000ed100000,0x00000000f6880000)
 ParOldGen       total 508928K, used 317178K [0x0000000080000000, 0x000000009f100000, 0x00000000d5580000)
  object space 508928K, 62% used [0x0000000080000000,0x00000000935be8f8,0x000000009f100000)
 Metaspace       used 188872K, capacity 195348K, committed 195840K, reserved 1220608K
  class space    used 22621K, capacity 23963K, committed 24064K, reserved 1048576K
}
Event: 10975.699 GC heap before
{Heap before GC invocations=153 (full 20):
 PSYoungGen      total 535040K, used 492698K [0x00000000d5580000, 0x0000000100000000, 0x0000000100000000)
  eden space 388608K, 100% used [0x00000000d5580000,0x00000000ed100000,0x00000000ed100000)
  from space 146432K, 71% used [0x00000000f6e00000,0x00000000fd3a6b98,0x00000000ffd00000)
  to   space 155136K, 0% used [0x00000000ed100000,0x00000000ed100000,0x00000000f6880000)
 ParOldGen       total 508928K, used 317178K [0x0000000080000000, 0x000000009f100000, 0x00000000d5580000)
  object space 508928K, 62% used [0x0000000080000000,0x00000000935be8f8,0x000000009f100000)
 Metaspace       used 188877K, capacity 195348K, committed 195840K, reserved 1220608K
  class space    used 22621K, capacity 23963K, committed 24064K, reserved 1048576K
Event: 10975.915 GC heap after
Heap after GC invocations=153 (full 20):
 PSYoungGen      total 543744K, used 18645K [0x00000000d5580000, 0x0000000100000000, 0x0000000100000000)
  eden space 388608K, 0% used [0x00000000d5580000,0x00000000d5580000,0x00000000ed100000)
  from space 155136K, 12% used [0x00000000ed100000,0x00000000ee335608,0x00000000f6880000)
  to   space 152576K, 0% used [0x00000000f6b00000,0x00000000f6b00000,0x0000000100000000)
 ParOldGen       total 508928K, used 418017K [0x0000000080000000, 0x000000009f100000, 0x00000000d5580000)
  object space 508928K, 82% used [0x0000000080000000,0x0000000099838620,0x000000009f100000)
 Metaspace       used 188877K, capacity 195348K, committed 195840K, reserved 1220608K
  class space    used 22621K, capacity 23963K, committed 24064K, reserved 1048576K
}
Event: 10975.916 GC heap before
{Heap before GC invocations=154 (full 21):
 PSYoungGen      total 543744K, used 18645K [0x00000000d5580000, 0x0000000100000000, 0x0000000100000000)
  eden space 388608K, 0% used [0x00000000d5580000,0x00000000d5580000,0x00000000ed100000)
  from space 155136K, 12% used [0x00000000ed100000,0x00000000ee335608,0x00000000f6880000)
  to   space 152576K, 0% used [0x00000000f6b00000,0x00000000f6b00000,0x0000000100000000)
 ParOldGen       total 508928K, used 418017K [0x0000000080000000, 0x000000009f100000, 0x00000000d5580000)
  object space 508928K, 82% used [0x0000000080000000,0x0000000099838620,0x000000009f100000)
 Metaspace       used 188877K, capacity 195348K, committed 195840K, reserved 1220608K
  class space    used 22621K, capacity 23963K, committed 24064K, reserved 1048576K

