# JRE version: OpenJDK Runtime Environment (8.0_152-b06) (build 1.8.0_152-release-1136-b06)
# Java VM: OpenJDK 64-Bit Server VM (25.152-b06 mixed mode linux-amd64 compressed oops)
Heap:
 PSYoungGen      total 219136K, used 20798K [0x00000000d5580000, 0x00000000ea080000, 0x0000000100000000)
  eden space 171008K, 0% used [0x00000000d5580000,0x00000000d5580000,0x00000000dfc80000)
  from space 48128K, 43% used [0x00000000dfc80000,0x00000000e10cf8f0,0x00000000e2b80000)
  to   space 54784K, 0% used [0x00000000e6b00000,0x00000000e6b00000,0x00000000ea080000)
 ParOldGen       total 94720K, used 94487K [0x0000000080000000, 0x0000000085c80000, 0x00000000d5580000)
  object space 94720K, 99% used [0x0000000080000000,0x0000000085c45e90,0x0000000085c80000)
 Metaspace       used 48072K, capacity 48959K, committed 49320K, reserved 1093632K
  class space    used 5771K, capacity 5995K, committed 6064K, reserved 1048576K
GC Heap History (10 events):
Event: 6.444 GC heap after
Heap after GC invocations=10 (full 3):
 PSYoungGen      total 93696K, used 0K [0x00000000d5580000, 0x00000000dfc80000, 0x0000000100000000)
  eden space 80896K, 0% used [0x00000000d5580000,0x00000000d5580000,0x00000000da480000)
  from space 12800K, 0% used [0x00000000da480000,0x00000000da480000,0x00000000db100000)
  to   space 19968K, 0% used [0x00000000de900000,0x00000000de900000,0x00000000dfc80000)
 ParOldGen       total 94720K, used 27342K [0x0000000080000000, 0x0000000085c80000, 0x00000000d5580000)
  object space 94720K, 28% used [0x0000000080000000,0x0000000081ab39d0,0x0000000085c80000)
 Metaspace       used 34649K, capacity 35233K, committed 35496K, reserved 1081344K
  class space    used 4323K, capacity 4504K, committed 4528K, reserved 1048576K
}
Event: 8.096 GC heap before
{Heap before GC invocations=11 (full 3):
 PSYoungGen      total 93696K, used 80896K [0x00000000d5580000, 0x00000000dfc80000, 0x0000000100000000)
  eden space 80896K, 100% used [0x00000000d5580000,0x00000000da480000,0x00000000da480000)
  from space 12800K, 0% used [0x00000000da480000,0x00000000da480000,0x00000000db100000)
  to   space 19968K, 0% used [0x00000000de900000,0x00000000de900000,0x00000000dfc80000)
 ParOldGen       total 94720K, used 27342K [0x0000000080000000, 0x0000000085c80000, 0x00000000d5580000)
  object space 94720K, 28% used [0x0000000080000000,0x0000000081ab39d0,0x0000000085c80000)
 Metaspace       used 38742K, capacity 39371K, committed 39848K, reserved 1083392K
  class space    used 4793K, capacity 4961K, committed 5040K, reserved 1048576K
Event: 8.146 GC heap after
Heap after GC invocations=11 (full 3):
 PSYoungGen      total 142336K, used 19961K [0x00000000d5580000, 0x00000000dfd00000, 0x0000000100000000)
  eden space 122368K, 0% used [0x00000000d5580000,0x00000000d5580000,0x00000000dcd00000)
  from space 19968K, 99% used [0x00000000de900000,0x00000000dfc7e690,0x00000000dfc80000)
  to   space 24576K, 0% used [0x00000000dcd00000,0x00000000dcd00000,0x00000000de500000)
 ParOldGen       total 94720K, used 30019K [0x0000000080000000, 0x0000000085c80000, 0x00000000d5580000)
  object space 94720K, 31% used [0x0000000080000000,0x0000000081d50f58,0x0000000085c80000)
 Metaspace       used 38742K, capacity 39371K, committed 39848K, reserved 1083392K
  class space    used 4793K, capacity 4961K, committed 5040K, reserved 1048576K
}
Event: 10.825 GC heap before
{Heap before GC invocations=12 (full 3):
 PSYoungGen      total 142336K, used 142329K [0x00000000d5580000, 0x00000000dfd00000, 0x0000000100000000)
  eden space 122368K, 100% used [0x00000000d5580000,0x00000000dcd00000,0x00000000dcd00000)
  from space 19968K, 99% used [0x00000000de900000,0x00000000dfc7e690,0x00000000dfc80000)
  to   space 24576K, 0% used [0x00000000dcd00000,0x00000000dcd00000,0x00000000de500000)
 ParOldGen       total 94720K, used 30019K [0x0000000080000000, 0x0000000085c80000, 0x00000000d5580000)
  object space 94720K, 31% used [0x0000000080000000,0x0000000081d50f58,0x0000000085c80000)
 Metaspace       used 45128K, capacity 45915K, committed 46504K, reserved 1089536K
  class space    used 5487K, capacity 5681K, committed 5808K, reserved 1048576K
Event: 10.946 GC heap after
Heap after GC invocations=12 (full 3):
 PSYoungGen      total 146944K, used 24557K [0x00000000d5580000, 0x00000000e5a80000, 0x0000000100000000)
  eden space 122368K, 0% used [0x00000000d5580000,0x00000000d5580000,0x00000000dcd00000)
  from space 24576K, 99% used [0x00000000dcd00000,0x00000000de4fb668,0x00000000de500000)
  to   space 39424K, 0% used [0x00000000e3400000,0x00000000e3400000,0x00000000e5a80000)
 ParOldGen       total 94720K, used 57687K [0x0000000080000000, 0x0000000085c80000, 0x00000000d5580000)
  object space 94720K, 60% used [0x0000000080000000,0x0000000083855c40,0x0000000085c80000)
 Metaspace       used 45128K, capacity 45915K, committed 46504K, reserved 1089536K
  class space    used 5487K, capacity 5681K, committed 5808K, reserved 1048576K
}
Event: 12.437 GC heap before
{Heap before GC invocations=13 (full 3):
 PSYoungGen      total 146944K, used 146925K [0x00000000d5580000, 0x00000000e5a80000, 0x0000000100000000)
  eden space 122368K, 100% used [0x00000000d5580000,0x00000000dcd00000,0x00000000dcd00000)
  from space 24576K, 99% used [0x00000000dcd00000,0x00000000de4fb668,0x00000000de500000)
  to   space 39424K, 0% used [0x00000000e3400000,0x00000000e3400000,0x00000000e5a80000)
 ParOldGen       total 94720K, used 57687K [0x0000000080000000, 0x0000000085c80000, 0x00000000d5580000)
  object space 94720K, 60% used [0x0000000080000000,0x0000000083855c40,0x0000000085c80000)
 Metaspace       used 45633K, capacity 46471K, committed 47016K, reserved 1091584K
  class space    used 5490K, capacity 5713K, committed 5808K, reserved 1048576K
Event: 12.545 GC heap after
Heap after GC invocations=13 (full 3):
 PSYoungGen      total 205824K, used 39398K [0x00000000d5580000, 0x00000000e5a80000, 0x0000000100000000)
  eden space 166400K, 0% used [0x00000000d5580000,0x00000000d5580000,0x00000000df800000)
  from space 39424K, 99% used [0x00000000e3400000,0x00000000e5a79988,0x00000000e5a80000)
  to   space 48128K, 0% used [0x00000000dfc80000,0x00000000dfc80000,0x00000000e2b80000)
 ParOldGen       total 94720K, used 63457K [0x0000000080000000, 0x0000000085c80000, 0x00000000d5580000)
  object space 94720K, 66% used [0x0000000080000000,0x0000000083df84a8,0x0000000085c80000)
 Metaspace       used 45633K, capacity 46471K, committed 47016K, reserved 1091584K
  class space    used 5490K, capacity 5713K, committed 5808K, reserved 1048576K
}
Event: 14.937 GC heap before
{Heap before GC invocations=14 (full 3):
 PSYoungGen      total 205824K, used 205798K [0x00000000d5580000, 0x00000000e5a80000, 0x0000000100000000)
  eden space 166400K, 100% used [0x00000000d5580000,0x00000000df800000,0x00000000df800000)
  from space 39424K, 99% used [0x00000000e3400000,0x00000000e5a79988,0x00000000e5a80000)
  to   space 48128K, 0% used [0x00000000dfc80000,0x00000000dfc80000,0x00000000e2b80000)
 ParOldGen       total 94720K, used 63457K [0x0000000080000000, 0x0000000085c80000, 0x00000000d5580000)
  object space 94720K, 66% used [0x0000000080000000,0x0000000083df84a8,0x0000000085c80000)
 Metaspace       used 48072K, capacity 48959K, committed 49320K, reserved 1093632K
  class space    used 5771K, capacity 5995K, committed 6064K, reserved 1048576K
Event: 15.112 GC heap after
Heap after GC invocations=14 (full 3):
 PSYoungGen      total 219136K, used 44585K [0x00000000d5580000, 0x00000000ea080000, 0x0000000100000000)
  eden space 171008K, 0% used [0x00000000d5580000,0x00000000d5580000,0x00000000dfc80000)
  from space 48128K, 92% used [0x00000000dfc80000,0x00000000e280a568,0x00000000e2b80000)
  to   space 54784K, 0% used [0x00000000e6b00000,0x00000000e6b00000,0x00000000ea080000)
 ParOldGen       total 94720K, used 87799K [0x0000000080000000, 0x0000000085c80000, 0x00000000d5580000)
  object space 94720K, 92% used [0x0000000080000000,0x00000000855bdf00,0x0000000085c80000)
 Metaspace       used 48072K, capacity 48959K, committed 49320K, reserved 1093632K
  class space    used 5771K, capacity 5995K, committed 6064K, reserved 1048576K
}
Event: 15.112 GC heap before
{Heap before GC invocations=15 (full 4):
 PSYoungGen      total 219136K, used 44585K [0x00000000d5580000, 0x00000000ea080000, 0x0000000100000000)
  eden space 171008K, 0% used [0x00000000d5580000,0x00000000d5580000,0x00000000dfc80000)
  from space 48128K, 92% used [0x00000000dfc80000,0x00000000e280a568,0x00000000e2b80000)
  to   space 54784K, 0% used [0x00000000e6b00000,0x00000000e6b00000,0x00000000ea080000)
 ParOldGen       total 94720K, used 87799K [0x0000000080000000, 0x0000000085c80000, 0x00000000d5580000)
  object space 94720K, 92% used [0x0000000080000000,0x00000000855bdf00,0x0000000085c80000)
 Metaspace       used 48072K, capacity 48959K, committed 49320K, reserved 1093632K
  class space    used 5771K, capacity 5995K, committed 6064K, reserved 1048576K

