# JRE version: OpenJDK Runtime Environment (8.0_152-b06) (build 1.8.0_152-release-1136-b06)
# Java VM: OpenJDK 64-Bit Server VM (25.152-b06 mixed mode linux-amd64 compressed oops)
Heap:
 PSYoungGen      total 519168K, used 0K [0x00000000d5580000, 0x0000000100000000, 0x0000000100000000)
  eden space 453120K, 0% used [0x00000000d5580000,0x00000000d5580000,0x00000000f1000000)
  from space 66048K, 0% used [0x00000000fbf80000,0x00000000fbf80000,0x0000000100000000)
  to   space 122880K, 0% used [0x00000000f1000000,0x00000000f1000000,0x00000000f8800000)
 ParOldGen       total 404480K, used 285902K [0x0000000080000000, 0x0000000098b00000, 0x00000000d5580000)
  object space 404480K, 70% used [0x0000000080000000,0x00000000917338c0,0x0000000098b00000)
 Metaspace       used 152558K, capacity 161526K, committed 162304K, reserved 1191936K
  class space    used 18599K, capacity 20504K, committed 20736K, reserved 1048576K
GC Heap History (10 events):
Event: 1234.996 GC heap after
Heap after GC invocations=131 (full 11):
 PSYoungGen      total 621056K, used 50149K [0x00000000d5580000, 0x0000000100000000, 0x0000000100000000)
  eden space 570880K, 0% used [0x00000000d5580000,0x00000000d5580000,0x00000000f8300000)
  from space 50176K, 99% used [0x00000000fcf00000,0x00000000ffff94d8,0x0000000100000000)
  to   space 64000K, 0% used [0x00000000f8300000,0x00000000f8300000,0x00000000fc180000)
 ParOldGen       total 380416K, used 291595K [0x0000000080000000, 0x0000000097380000, 0x00000000d5580000)
  object space 380416K, 76% used [0x0000000080000000,0x0000000091cc2fa0,0x0000000097380000)
 Metaspace       used 151351K, capacity 160164K, committed 160256K, reserved 1189888K
  class space    used 18511K, capacity 20393K, committed 20480K, reserved 1048576K
}
Event: 1242.925 GC heap before
{Heap before GC invocations=132 (full 11):
 PSYoungGen      total 621056K, used 621029K [0x00000000d5580000, 0x0000000100000000, 0x0000000100000000)
  eden space 570880K, 100% used [0x00000000d5580000,0x00000000f8300000,0x00000000f8300000)
  from space 50176K, 99% used [0x00000000fcf00000,0x00000000ffff94d8,0x0000000100000000)
  to   space 64000K, 0% used [0x00000000f8300000,0x00000000f8300000,0x00000000fc180000)
 ParOldGen       total 380416K, used 291595K [0x0000000080000000, 0x0000000097380000, 0x00000000d5580000)
  object space 380416K, 76% used [0x0000000080000000,0x0000000091cc2fa0,0x0000000097380000)
 Metaspace       used 151665K, capacity 160604K, committed 160896K, reserved 1189888K
  class space    used 18558K, capacity 20492K, committed 20608K, reserved 1048576K
Event: 1242.977 GC heap after
Heap after GC invocations=132 (full 11):
 PSYoungGen      total 634880K, used 6320K [0x00000000d5580000, 0x0000000100000000, 0x0000000100000000)
  eden space 570880K, 0% used [0x00000000d5580000,0x00000000d5580000,0x00000000f8300000)
  from space 64000K, 9% used [0x00000000f8300000,0x00000000f892c0e0,0x00000000fc180000)
  to   space 62976K, 0% used [0x00000000fc280000,0x00000000fc280000,0x0000000100000000)
 ParOldGen       total 380416K, used 299831K [0x0000000080000000, 0x0000000097380000, 0x00000000d5580000)
  object space 380416K, 78% used [0x0000000080000000,0x00000000924cdda0,0x0000000097380000)
 Metaspace       used 151665K, capacity 160604K, committed 160896K, reserved 1189888K
  class space    used 18558K, capacity 20492K, committed 20608K, reserved 1048576K
}
Event: 1326.074 GC heap before
{Heap before GC invocations=133 (full 11):
 PSYoungGen      total 634880K, used 577200K [0x00000000d5580000, 0x0000000100000000, 0x0000000100000000)
  eden space 570880K, 100% used [0x00000000d5580000,0x00000000f8300000,0x00000000f8300000)
  from space 64000K, 9% used [0x00000000f8300000,0x00000000f892c0e0,0x00000000fc180000)
  to   space 62976K, 0% used [0x00000000fc280000,0x00000000fc280000,0x0000000100000000)
 ParOldGen       total 380416K, used 299831K [0x0000000080000000, 0x0000000097380000, 0x00000000d5580000)
  object space 380416K, 78% used [0x0000000080000000,0x00000000924cdda0,0x0000000097380000)
 Metaspace       used 152438K, capacity 161650K, committed 161792K, reserved 1189888K
  class space    used 18638K, capacity 20648K, committed 20736K, reserved 1048576K
Event: 1326.160 GC heap after
Heap after GC invocations=133 (full 11):
 PSYoungGen      total 629760K, used 41750K [0x00000000d5580000, 0x0000000100000000, 0x0000000100000000)
  eden space 566784K, 0% used [0x00000000d5580000,0x00000000d5580000,0x00000000f7f00000)
  from space 62976K, 66% used [0x00000000fc280000,0x00000000feb458b0,0x0000000100000000)
  to   space 66048K, 0% used [0x00000000f7f00000,0x00000000f7f00000,0x00000000fbf80000)
 ParOldGen       total 380416K, used 302687K [0x0000000080000000, 0x0000000097380000, 0x00000000d5580000)
  object space 380416K, 79% used [0x0000000080000000,0x0000000092797e80,0x0000000097380000)
 Metaspace       used 152438K, capacity 161650K, committed 161792K, reserved 1189888K
  class space    used 18638K, capacity 20648K, committed 20736K, reserved 1048576K
}
Event: 1357.191 GC heap before
{Heap before GC invocations=134 (full 11):
 PSYoungGen      total 629760K, used 608534K [0x00000000d5580000, 0x0000000100000000, 0x0000000100000000)
  eden space 566784K, 100% used [0x00000000d5580000,0x00000000f7f00000,0x00000000f7f00000)
  from space 62976K, 66% used [0x00000000fc280000,0x00000000feb458b0,0x0000000100000000)
  to   space 66048K, 0% used [0x00000000f7f00000,0x00000000f7f00000,0x00000000fbf80000)
 ParOldGen       total 380416K, used 302687K [0x0000000080000000, 0x0000000097380000, 0x00000000d5580000)
  object space 380416K, 79% used [0x0000000080000000,0x0000000092797e80,0x0000000097380000)
 Metaspace       used 152487K, capacity 161650K, committed 161792K, reserved 1189888K
  class space    used 18638K, capacity 20648K, committed 20736K, reserved 1048576K
Event: 1357.332 GC heap after
Heap after GC invocations=134 (full 11):
 PSYoungGen      total 632832K, used 66031K [0x00000000d5580000, 0x0000000100000000, 0x0000000100000000)
  eden space 566784K, 0% used [0x00000000d5580000,0x00000000d5580000,0x00000000f7f00000)
  from space 66048K, 99% used [0x00000000f7f00000,0x00000000fbf7bfd8,0x00000000fbf80000)
  to   space 66048K, 0% used [0x00000000fbf80000,0x00000000fbf80000,0x0000000100000000)
 ParOldGen       total 380416K, used 324406K [0x0000000080000000, 0x0000000097380000, 0x00000000d5580000)
  object space 380416K, 85% used [0x0000000080000000,0x0000000093ccd840,0x0000000097380000)
 Metaspace       used 152487K, capacity 161650K, committed 161792K, reserved 1189888K
  class space    used 18638K, capacity 20648K, committed 20736K, reserved 1048576K
}
Event: 1358.760 GC heap before
{Heap before GC invocations=135 (full 11):
 PSYoungGen      total 632832K, used 632815K [0x00000000d5580000, 0x0000000100000000, 0x0000000100000000)
  eden space 566784K, 100% used [0x00000000d5580000,0x00000000f7f00000,0x00000000f7f00000)
  from space 66048K, 99% used [0x00000000f7f00000,0x00000000fbf7bfd8,0x00000000fbf80000)
  to   space 66048K, 0% used [0x00000000fbf80000,0x00000000fbf80000,0x0000000100000000)
 ParOldGen       total 380416K, used 324406K [0x0000000080000000, 0x0000000097380000, 0x00000000d5580000)
  object space 380416K, 85% used [0x0000000080000000,0x0000000093ccd840,0x0000000097380000)
 Metaspace       used 152859K, capacity 162078K, committed 162304K, reserved 1191936K
  class space    used 18677K, capacity 20688K, committed 20736K, reserved 1048576K
Event: 1358.995 GC heap after
Heap after GC invocations=135 (full 11):
 PSYoungGen      total 519168K, used 66034K [0x00000000d5580000, 0x0000000100000000, 0x0000000100000000)
  eden space 453120K, 0% used [0x00000000d5580000,0x00000000d5580000,0x00000000f1000000)
  from space 66048K, 99% used [0x00000000fbf80000,0x00000000ffffc860,0x0000000100000000)
  to   space 122880K, 0% used [0x00000000f1000000,0x00000000f1000000,0x00000000f8800000)
 ParOldGen       total 404480K, used 404209K [0x0000000080000000, 0x0000000098b00000, 0x00000000d5580000)
  object space 404480K, 99% used [0x0000000080000000,0x0000000098abc420,0x0000000098b00000)
 Metaspace       used 152859K, capacity 162078K, committed 162304K, reserved 1191936K
  class space    used 18677K, capacity 20688K, committed 20736K, reserved 1048576K
}
Event: 1358.997 GC heap before
{Heap before GC invocations=136 (full 12):
 PSYoungGen      total 519168K, used 66034K [0x00000000d5580000, 0x0000000100000000, 0x0000000100000000)
  eden space 453120K, 0% used [0x00000000d5580000,0x00000000d5580000,0x00000000f1000000)
  from space 66048K, 99% used [0x00000000fbf80000,0x00000000ffffc860,0x0000000100000000)
  to   space 122880K, 0% used [0x00000000f1000000,0x00000000f1000000,0x00000000f8800000)
 ParOldGen       total 404480K, used 404209K [0x0000000080000000, 0x0000000098b00000, 0x00000000d5580000)
  object space 404480K, 99% used [0x0000000080000000,0x0000000098abc420,0x0000000098b00000)
 Metaspace       used 152859K, capacity 162078K, committed 162304K, reserved 1191936K
  class space    used 18677K, capacity 20688K, committed 20736K, reserved 1048576K

