# JRE version: OpenJDK Runtime Environment (8.0_152-b06) (build 1.8.0_152-release-1136-b06)
# Java VM: OpenJDK 64-Bit Server VM (25.152-b06 mixed mode linux-amd64 compressed oops)
Heap:
 PSYoungGen      total 456192K, used 0K [0x00000000d5580000, 0x0000000100000000, 0x0000000100000000)
  eden space 389632K, 0% used [0x00000000d5580000,0x00000000d5580000,0x00000000ed200000)
  from space 66560K, 0% used [0x00000000fbf00000,0x00000000fbf00000,0x0000000100000000)
  to   space 154624K, 0% used [0x00000000ed200000,0x00000000ed200000,0x00000000f6900000)
 ParOldGen       total 438272K, used 366637K [0x0000000080000000, 0x000000009ac00000, 0x00000000d5580000)
  object space 438272K, 83% used [0x0000000080000000,0x000000009660b580,0x000000009ac00000)
 Metaspace       used 149607K, capacity 156084K, committed 156544K, reserved 1185792K
  class space    used 18193K, capacity 19664K, committed 19840K, reserved 1048576K
GC Heap History (10 events):
Event: 4916.686 GC heap after
Heap after GC invocations=125 (full 11):
 PSYoungGen      total 631808K, used 25563K [0x00000000d5580000, 0x00000000ff880000, 0x0000000100000000)
  eden space 572416K, 0% used [0x00000000d5580000,0x00000000d5580000,0x00000000f8480000)
  from space 59392K, 43% used [0x00000000fbc80000,0x00000000fd576f38,0x00000000ff680000)
  to   space 57344K, 0% used [0x00000000f8480000,0x00000000f8480000,0x00000000fbc80000)
 ParOldGen       total 373760K, used 210303K [0x0000000080000000, 0x0000000096d00000, 0x00000000d5580000)
  object space 373760K, 56% used [0x0000000080000000,0x000000008cd5ffb0,0x0000000096d00000)
 Metaspace       used 137974K, capacity 143434K, committed 144128K, reserved 1175552K
  class space    used 16732K, capacity 18053K, committed 18688K, reserved 1048576K
}
Event: 4926.715 GC heap before
{Heap before GC invocations=126 (full 11):
 PSYoungGen      total 631808K, used 597979K [0x00000000d5580000, 0x00000000ff880000, 0x0000000100000000)
  eden space 572416K, 100% used [0x00000000d5580000,0x00000000f8480000,0x00000000f8480000)
  from space 59392K, 43% used [0x00000000fbc80000,0x00000000fd576f38,0x00000000ff680000)
  to   space 57344K, 0% used [0x00000000f8480000,0x00000000f8480000,0x00000000fbc80000)
 ParOldGen       total 373760K, used 210303K [0x0000000080000000, 0x0000000096d00000, 0x00000000d5580000)
  object space 373760K, 56% used [0x0000000080000000,0x000000008cd5ffb0,0x0000000096d00000)
 Metaspace       used 141238K, capacity 147740K, committed 147968K, reserved 1177600K
  class space    used 17258K, capacity 18745K, committed 18944K, reserved 1048576K
Event: 4926.784 GC heap after
Heap after GC invocations=126 (full 11):
 PSYoungGen      total 629760K, used 30326K [0x00000000d5580000, 0x00000000ffe00000, 0x0000000100000000)
  eden space 572416K, 0% used [0x00000000d5580000,0x00000000d5580000,0x00000000f8480000)
  from space 57344K, 52% used [0x00000000f8480000,0x00000000fa21dbc8,0x00000000fbc80000)
  to   space 57344K, 0% used [0x00000000fc600000,0x00000000fc600000,0x00000000ffe00000)
 ParOldGen       total 373760K, used 220209K [0x0000000080000000, 0x0000000096d00000, 0x00000000d5580000)
  object space 373760K, 58% used [0x0000000080000000,0x000000008d70c5f8,0x0000000096d00000)
 Metaspace       used 141238K, capacity 147740K, committed 147968K, reserved 1177600K
  class space    used 17258K, capacity 18745K, committed 18944K, reserved 1048576K
}
Event: 4953.685 GC heap before
{Heap before GC invocations=127 (full 11):
 PSYoungGen      total 629760K, used 602678K [0x00000000d5580000, 0x00000000ffe00000, 0x0000000100000000)
  eden space 572416K, 99% used [0x00000000d5580000,0x00000000f846ff58,0x00000000f8480000)
  from space 57344K, 52% used [0x00000000f8480000,0x00000000fa21dbc8,0x00000000fbc80000)
  to   space 57344K, 0% used [0x00000000fc600000,0x00000000fc600000,0x00000000ffe00000)
 ParOldGen       total 373760K, used 220209K [0x0000000080000000, 0x0000000096d00000, 0x00000000d5580000)
  object space 373760K, 58% used [0x0000000080000000,0x000000008d70c5f8,0x0000000096d00000)
 Metaspace       used 141415K, capacity 147976K, committed 148352K, reserved 1179648K
  class space    used 17270K, capacity 18763K, committed 19072K, reserved 1048576K
Event: 4953.812 GC heap after
Heap after GC invocations=127 (full 11):
 PSYoungGen      total 623104K, used 57179K [0x00000000d5580000, 0x0000000100000000, 0x0000000100000000)
  eden space 565760K, 0% used [0x00000000d5580000,0x00000000d5580000,0x00000000f7e00000)
  from space 57344K, 99% used [0x00000000fc600000,0x00000000ffdd6ff8,0x00000000ffe00000)
  to   space 66560K, 0% used [0x00000000f7e00000,0x00000000f7e00000,0x00000000fbf00000)
 ParOldGen       total 373760K, used 240585K [0x0000000080000000, 0x0000000096d00000, 0x00000000d5580000)
  object space 373760K, 64% used [0x0000000080000000,0x000000008eaf2570,0x0000000096d00000)
 Metaspace       used 141415K, capacity 147976K, committed 148352K, reserved 1179648K
  class space    used 17270K, capacity 18763K, committed 19072K, reserved 1048576K
}
Event: 4955.422 GC heap before
{Heap before GC invocations=128 (full 11):
 PSYoungGen      total 623104K, used 622939K [0x00000000d5580000, 0x0000000100000000, 0x0000000100000000)
  eden space 565760K, 100% used [0x00000000d5580000,0x00000000f7e00000,0x00000000f7e00000)
  from space 57344K, 99% used [0x00000000fc600000,0x00000000ffdd6ff8,0x00000000ffe00000)
  to   space 66560K, 0% used [0x00000000f7e00000,0x00000000f7e00000,0x00000000fbf00000)
 ParOldGen       total 373760K, used 240585K [0x0000000080000000, 0x0000000096d00000, 0x00000000d5580000)
  object space 373760K, 64% used [0x0000000080000000,0x000000008eaf2570,0x0000000096d00000)
 Metaspace       used 141785K, capacity 148404K, committed 148864K, reserved 1179648K
  class space    used 17309K, capacity 18803K, committed 19072K, reserved 1048576K
Event: 4955.649 GC heap after
Heap after GC invocations=128 (full 11):
 PSYoungGen      total 632320K, used 66557K [0x00000000d5580000, 0x0000000100000000, 0x0000000100000000)
  eden space 565760K, 0% used [0x00000000d5580000,0x00000000d5580000,0x00000000f7e00000)
  from space 66560K, 99% used [0x00000000f7e00000,0x00000000fbeff648,0x00000000fbf00000)
  to   space 66560K, 0% used [0x00000000fbf00000,0x00000000fbf00000,0x0000000100000000)
 ParOldGen       total 373760K, used 317922K [0x0000000080000000, 0x0000000096d00000, 0x00000000d5580000)
  object space 373760K, 85% used [0x0000000080000000,0x0000000093678bf8,0x0000000096d00000)
 Metaspace       used 141785K, capacity 148404K, committed 148864K, reserved 1179648K
  class space    used 17309K, capacity 18803K, committed 19072K, reserved 1048576K
}
Event: 4958.863 GC heap before
{Heap before GC invocations=129 (full 11):
 PSYoungGen      total 632320K, used 632317K [0x00000000d5580000, 0x0000000100000000, 0x0000000100000000)
  eden space 565760K, 100% used [0x00000000d5580000,0x00000000f7e00000,0x00000000f7e00000)
  from space 66560K, 99% used [0x00000000f7e00000,0x00000000fbeff648,0x00000000fbf00000)
  to   space 66560K, 0% used [0x00000000fbf00000,0x00000000fbf00000,0x0000000100000000)
 ParOldGen       total 373760K, used 317922K [0x0000000080000000, 0x0000000096d00000, 0x00000000d5580000)
  object space 373760K, 85% used [0x0000000080000000,0x0000000093678bf8,0x0000000096d00000)
 Metaspace       used 149723K, capacity 156342K, committed 156544K, reserved 1185792K
  class space    used 18222K, capacity 19750K, committed 19840K, reserved 1048576K
Event: 4959.229 GC heap after
Heap after GC invocations=129 (full 11):
 PSYoungGen      total 456192K, used 66530K [0x00000000d5580000, 0x0000000100000000, 0x0000000100000000)
  eden space 389632K, 0% used [0x00000000d5580000,0x00000000d5580000,0x00000000ed200000)
  from space 66560K, 99% used [0x00000000fbf00000,0x00000000ffff8bc0,0x0000000100000000)
  to   space 154624K, 0% used [0x00000000ed200000,0x00000000ed200000,0x00000000f6900000)
 ParOldGen       total 438272K, used 437961K [0x0000000080000000, 0x000000009ac00000, 0x00000000d5580000)
  object space 438272K, 99% used [0x0000000080000000,0x000000009abb2420,0x000000009ac00000)
 Metaspace       used 149723K, capacity 156342K, committed 156544K, reserved 1185792K
  class space    used 18222K, capacity 19750K, committed 19840K, reserved 1048576K
}
Event: 4959.229 GC heap before
{Heap before GC invocations=130 (full 12):
 PSYoungGen      total 456192K, used 66530K [0x00000000d5580000, 0x0000000100000000, 0x0000000100000000)
  eden space 389632K, 0% used [0x00000000d5580000,0x00000000d5580000,0x00000000ed200000)
  from space 66560K, 99% used [0x00000000fbf00000,0x00000000ffff8bc0,0x0000000100000000)
  to   space 154624K, 0% used [0x00000000ed200000,0x00000000ed200000,0x00000000f6900000)
 ParOldGen       total 438272K, used 437961K [0x0000000080000000, 0x000000009ac00000, 0x00000000d5580000)
  object space 438272K, 99% used [0x0000000080000000,0x000000009abb2420,0x000000009ac00000)
 Metaspace       used 149723K, capacity 156342K, committed 156544K, reserved 1185792K
  class space    used 18222K, capacity 19750K, committed 19840K, reserved 1048576K

