# JRE version: OpenJDK Runtime Environment (8.0_152-b06) (build 1.8.0_152-release-1136-b06)
# Java VM: OpenJDK 64-Bit Server VM (25.152-b06 mixed mode linux-amd64 compressed oops)
Heap:
 PSYoungGen      total 523264K, used 0K [0x00000000d5580000, 0x0000000100000000, 0x0000000100000000)
  eden space 343552K, 0% used [0x00000000d5580000,0x00000000d5580000,0x00000000ea500000)
  from space 179712K, 0% used [0x00000000f5080000,0x00000000f5080000,0x0000000100000000)
  to   space 175616K, 0% used [0x00000000ea500000,0x00000000ea500000,0x00000000f5080000)
 ParOldGen       total 439296K, used 307999K [0x0000000080000000, 0x000000009ad00000, 0x00000000d5580000)
  object space 439296K, 70% used [0x0000000080000000,0x0000000092cc7cf8,0x000000009ad00000)
 Metaspace       used 130290K, capacity 134716K, committed 134912K, reserved 1167360K
  class space    used 16101K, capacity 17120K, committed 17152K, reserved 1048576K
GC Heap History (10 events):
Event: 1673.504 GC heap after
Heap after GC invocations=55 (full 9):
 PSYoungGen      total 505344K, used 93436K [0x00000000d5580000, 0x0000000100000000, 0x0000000100000000)
  eden space 332800K, 0% used [0x00000000d5580000,0x00000000d5580000,0x00000000e9a80000)
  from space 172544K, 54% used [0x00000000f4780000,0x00000000fa2bf268,0x00000000ff000000)
  to   space 177152K, 0% used [0x00000000e9a80000,0x00000000e9a80000,0x00000000f4780000)
 ParOldGen       total 439296K, used 143893K [0x0000000080000000, 0x000000009ad00000, 0x00000000d5580000)
  object space 439296K, 32% used [0x0000000080000000,0x0000000088c85700,0x000000009ad00000)
 Metaspace       used 122281K, capacity 126696K, committed 126848K, reserved 1159168K
  class space    used 15185K, capacity 16170K, committed 16256K, reserved 1048576K
}
Event: 1674.000 GC heap before
{Heap before GC invocations=56 (full 9):
 PSYoungGen      total 505344K, used 426236K [0x00000000d5580000, 0x0000000100000000, 0x0000000100000000)
  eden space 332800K, 100% used [0x00000000d5580000,0x00000000e9a80000,0x00000000e9a80000)
  from space 172544K, 54% used [0x00000000f4780000,0x00000000fa2bf268,0x00000000ff000000)
  to   space 177152K, 0% used [0x00000000e9a80000,0x00000000e9a80000,0x00000000f4780000)
 ParOldGen       total 439296K, used 143893K [0x0000000080000000, 0x000000009ad00000, 0x00000000d5580000)
  object space 439296K, 32% used [0x0000000080000000,0x0000000088c85700,0x000000009ad00000)
 Metaspace       used 122287K, capacity 126696K, committed 126848K, reserved 1159168K
  class space    used 15186K, capacity 16170K, committed 16256K, reserved 1048576K
Event: 1674.190 GC heap after
Heap after GC invocations=56 (full 9):
 PSYoungGen      total 509952K, used 33888K [0x00000000d5580000, 0x00000000ff280000, 0x0000000100000000)
  eden space 332800K, 0% used [0x00000000d5580000,0x00000000d5580000,0x00000000e9a80000)
  from space 177152K, 19% used [0x00000000e9a80000,0x00000000ebb98010,0x00000000f4780000)
  to   space 167936K, 0% used [0x00000000f4e80000,0x00000000f4e80000,0x00000000ff280000)
 ParOldGen       total 439296K, used 236489K [0x0000000080000000, 0x000000009ad00000, 0x00000000d5580000)
  object space 439296K, 53% used [0x0000000080000000,0x000000008e6f2750,0x000000009ad00000)
 Metaspace       used 122287K, capacity 126696K, committed 126848K, reserved 1159168K
  class space    used 15186K, capacity 16170K, committed 16256K, reserved 1048576K
}
Event: 1674.928 GC heap before
{Heap before GC invocations=57 (full 9):
 PSYoungGen      total 509952K, used 366688K [0x00000000d5580000, 0x00000000ff280000, 0x0000000100000000)
  eden space 332800K, 100% used [0x00000000d5580000,0x00000000e9a80000,0x00000000e9a80000)
  from space 177152K, 19% used [0x00000000e9a80000,0x00000000ebb98010,0x00000000f4780000)
  to   space 167936K, 0% used [0x00000000f4e80000,0x00000000f4e80000,0x00000000ff280000)
 ParOldGen       total 439296K, used 236489K [0x0000000080000000, 0x000000009ad00000, 0x00000000d5580000)
  object space 439296K, 53% used [0x0000000080000000,0x000000008e6f2750,0x000000009ad00000)
 Metaspace       used 122741K, capacity 127156K, committed 127360K, reserved 1161216K
  class space    used 15222K, capacity 16236K, committed 16256K, reserved 1048576K
Event: 1675.068 GC heap after
Heap after GC invocations=57 (full 9):
 PSYoungGen      total 508928K, used 30627K [0x00000000d5580000, 0x00000000fe600000, 0x0000000100000000)
  eden space 353792K, 0% used [0x00000000d5580000,0x00000000d5580000,0x00000000eaf00000)
  from space 155136K, 19% used [0x00000000f4e80000,0x00000000f6c68d38,0x00000000fe600000)
  to   space 159232K, 0% used [0x00000000eaf00000,0x00000000eaf00000,0x00000000f4a80000)
 ParOldGen       total 439296K, used 269857K [0x0000000080000000, 0x000000009ad00000, 0x00000000d5580000)
  object space 439296K, 61% used [0x0000000080000000,0x0000000090788750,0x000000009ad00000)
 Metaspace       used 122741K, capacity 127156K, committed 127360K, reserved 1161216K
  class space    used 15222K, capacity 16236K, committed 16256K, reserved 1048576K
}
Event: 1677.574 GC heap before
{Heap before GC invocations=58 (full 9):
 PSYoungGen      total 508928K, used 384419K [0x00000000d5580000, 0x00000000fe600000, 0x0000000100000000)
  eden space 353792K, 100% used [0x00000000d5580000,0x00000000eaf00000,0x00000000eaf00000)
  from space 155136K, 19% used [0x00000000f4e80000,0x00000000f6c68d38,0x00000000fe600000)
  to   space 159232K, 0% used [0x00000000eaf00000,0x00000000eaf00000,0x00000000f4a80000)
 ParOldGen       total 439296K, used 269857K [0x0000000080000000, 0x000000009ad00000, 0x00000000d5580000)
  object space 439296K, 61% used [0x0000000080000000,0x0000000090788750,0x000000009ad00000)
 Metaspace       used 130257K, capacity 134704K, committed 134912K, reserved 1167360K
  class space    used 16099K, capacity 17118K, committed 17152K, reserved 1048576K
Event: 1677.855 GC heap after
Heap after GC invocations=58 (full 9):
 PSYoungGen      total 513024K, used 132863K [0x00000000d5580000, 0x0000000100000000, 0x0000000100000000)
  eden space 353792K, 0% used [0x00000000d5580000,0x00000000d5580000,0x00000000eaf00000)
  from space 159232K, 83% used [0x00000000eaf00000,0x00000000f30bfc30,0x00000000f4a80000)
  to   space 179712K, 0% used [0x00000000f5080000,0x00000000f5080000,0x0000000100000000)
 ParOldGen       total 439296K, used 300061K [0x0000000080000000, 0x000000009ad00000, 0x00000000d5580000)
  object space 439296K, 68% used [0x0000000080000000,0x0000000092507470,0x000000009ad00000)
 Metaspace       used 130257K, capacity 134704K, committed 134912K, reserved 1167360K
  class space    used 16099K, capacity 17118K, committed 17152K, reserved 1048576K
}
Event: 1679.289 GC heap before
{Heap before GC invocations=59 (full 9):
 PSYoungGen      total 513024K, used 486655K [0x00000000d5580000, 0x0000000100000000, 0x0000000100000000)
  eden space 353792K, 100% used [0x00000000d5580000,0x00000000eaf00000,0x00000000eaf00000)
  from space 159232K, 83% used [0x00000000eaf00000,0x00000000f30bfc30,0x00000000f4a80000)
  to   space 179712K, 0% used [0x00000000f5080000,0x00000000f5080000,0x0000000100000000)
 ParOldGen       total 439296K, used 300061K [0x0000000080000000, 0x000000009ad00000, 0x00000000d5580000)
  object space 439296K, 68% used [0x0000000080000000,0x0000000092507470,0x000000009ad00000)
 Metaspace       used 130290K, capacity 134716K, committed 134912K, reserved 1167360K
  class space    used 16101K, capacity 17120K, committed 17152K, reserved 1048576K
Event: 1679.483 GC heap after
Heap after GC invocations=59 (full 9):
 PSYoungGen      total 523264K, used 79586K [0x00000000d5580000, 0x0000000100000000, 0x0000000100000000)
  eden space 343552K, 0% used [0x00000000d5580000,0x00000000d5580000,0x00000000ea500000)
  from space 179712K, 44% used [0x00000000f5080000,0x00000000f9e38b10,0x0000000100000000)
  to   space 175616K, 0% used [0x00000000ea500000,0x00000000ea500000,0x00000000f5080000)
 ParOldGen       total 439296K, used 344452K [0x0000000080000000, 0x000000009ad00000, 0x00000000d5580000)
  object space 439296K, 78% used [0x0000000080000000,0x00000000950611b8,0x000000009ad00000)
 Metaspace       used 130290K, capacity 134716K, committed 134912K, reserved 1167360K
  class space    used 16101K, capacity 17120K, committed 17152K, reserved 1048576K
}
Event: 1679.483 GC heap before
{Heap before GC invocations=60 (full 10):
 PSYoungGen      total 523264K, used 79586K [0x00000000d5580000, 0x0000000100000000, 0x0000000100000000)
  eden space 343552K, 0% used [0x00000000d5580000,0x00000000d5580000,0x00000000ea500000)
  from space 179712K, 44% used [0x00000000f5080000,0x00000000f9e38b10,0x0000000100000000)
  to   space 175616K, 0% used [0x00000000ea500000,0x00000000ea500000,0x00000000f5080000)
 ParOldGen       total 439296K, used 344452K [0x0000000080000000, 0x000000009ad00000, 0x00000000d5580000)
  object space 439296K, 78% used [0x0000000080000000,0x00000000950611b8,0x000000009ad00000)
 Metaspace       used 130290K, capacity 134716K, committed 134912K, reserved 1167360K
  class space    used 16101K, capacity 17120K, committed 17152K, reserved 1048576K

