# JRE version: OpenJDK Runtime Environment (8.0_152-b06) (build 1.8.0_152-release-1136-b06)
# Java VM: OpenJDK 64-Bit Server VM (25.152-b06 mixed mode linux-amd64 compressed oops)
Heap:
 PSYoungGen      total 383488K, used 62548K [0x00000000d5580000, 0x00000000f0d00000, 0x0000000100000000)
  eden space 316928K, 0% used [0x00000000d5580000,0x00000000d5580000,0x00000000e8b00000)
  from space 66560K, 93% used [0x00000000e8b00000,0x00000000ec815360,0x00000000ecc00000)
  to   space 66560K, 0% used [0x00000000ecc00000,0x00000000ecc00000,0x00000000f0d00000)
 ParOldGen       total 196096K, used 17670K [0x0000000080000000, 0x000000008bf80000, 0x00000000d5580000)
  object space 196096K, 9% used [0x0000000080000000,0x00000000811419c8,0x000000008bf80000)
 Metaspace       used 67165K, capacity 69080K, committed 69272K, reserved 1110016K
  class space    used 7559K, capacity 7989K, committed 8112K, reserved 1048576K
GC Heap History (10 events):
Event: 2111.693 GC heap after
Heap after GC invocations=14 (full 3):
 PSYoungGen      total 268800K, used 52222K [0x00000000d5580000, 0x00000000ed280000, 0x0000000100000000)
  eden space 216576K, 0% used [0x00000000d5580000,0x00000000d5580000,0x00000000e2900000)
  from space 52224K, 99% used [0x00000000e2900000,0x00000000e5bffbb0,0x00000000e5c00000)
  to   space 60416K, 0% used [0x00000000e9780000,0x00000000e9780000,0x00000000ed280000)
 ParOldGen       total 196096K, used 90581K [0x0000000080000000, 0x000000008bf80000, 0x00000000d5580000)
  object space 196096K, 46% used [0x0000000080000000,0x0000000085875758,0x000000008bf80000)
 Metaspace       used 64588K, capacity 66100K, committed 66200K, reserved 1107968K
  class space    used 7431K, capacity 7777K, committed 7856K, reserved 1048576K
}
Event: 3399.672 GC heap before
{Heap before GC invocations=15 (full 3):
 PSYoungGen      total 268800K, used 268798K [0x00000000d5580000, 0x00000000ed280000, 0x0000000100000000)
  eden space 216576K, 100% used [0x00000000d5580000,0x00000000e2900000,0x00000000e2900000)
  from space 52224K, 99% used [0x00000000e2900000,0x00000000e5bffbb0,0x00000000e5c00000)
  to   space 60416K, 0% used [0x00000000e9780000,0x00000000e9780000,0x00000000ed280000)
 ParOldGen       total 196096K, used 90581K [0x0000000080000000, 0x000000008bf80000, 0x00000000d5580000)
  object space 196096K, 46% used [0x0000000080000000,0x0000000085875758,0x000000008bf80000)
 Metaspace       used 65317K, capacity 66882K, committed 66968K, reserved 1107968K
  class space    used 7446K, capacity 7816K, committed 7856K, reserved 1048576K
Event: 3399.685 GC heap after
Heap after GC invocations=15 (full 3):
 PSYoungGen      total 313344K, used 3222K [0x00000000d5580000, 0x00000000ecb00000, 0x0000000100000000)
  eden space 260608K, 0% used [0x00000000d5580000,0x00000000d5580000,0x00000000e5400000)
  from space 52736K, 6% used [0x00000000e9780000,0x00000000e9aa5bf8,0x00000000ecb00000)
  to   space 60928K, 0% used [0x00000000e5400000,0x00000000e5400000,0x00000000e8f80000)
 ParOldGen       total 196096K, used 92615K [0x0000000080000000, 0x000000008bf80000, 0x00000000d5580000)
  object space 196096K, 47% used [0x0000000080000000,0x0000000085a71ce0,0x000000008bf80000)
 Metaspace       used 65317K, capacity 66882K, committed 66968K, reserved 1107968K
  class space    used 7446K, capacity 7816K, committed 7856K, reserved 1048576K
}
Event: 3403.490 GC heap before
{Heap before GC invocations=16 (full 3):
 PSYoungGen      total 313344K, used 263830K [0x00000000d5580000, 0x00000000ecb00000, 0x0000000100000000)
  eden space 260608K, 100% used [0x00000000d5580000,0x00000000e5400000,0x00000000e5400000)
  from space 52736K, 6% used [0x00000000e9780000,0x00000000e9aa5bf8,0x00000000ecb00000)
  to   space 60928K, 0% used [0x00000000e5400000,0x00000000e5400000,0x00000000e8f80000)
 ParOldGen       total 196096K, used 92615K [0x0000000080000000, 0x000000008bf80000, 0x00000000d5580000)
  object space 196096K, 47% used [0x0000000080000000,0x0000000085a71ce0,0x000000008bf80000)
 Metaspace       used 66697K, capacity 68606K, committed 68760K, reserved 1110016K
  class space    used 7561K, capacity 8004K, committed 8112K, reserved 1048576K
Event: 3403.582 GC heap after
Heap after GC invocations=16 (full 3):
 PSYoungGen      total 321536K, used 49402K [0x00000000d5580000, 0x00000000f0d00000, 0x0000000100000000)
  eden space 260608K, 0% used [0x00000000d5580000,0x00000000d5580000,0x00000000e5400000)
  from space 60928K, 81% used [0x00000000e5400000,0x00000000e843e9d8,0x00000000e8f80000)
  to   space 66560K, 0% used [0x00000000ecc00000,0x00000000ecc00000,0x00000000f0d00000)
 ParOldGen       total 196096K, used 92623K [0x0000000080000000, 0x000000008bf80000, 0x00000000d5580000)
  object space 196096K, 47% used [0x0000000080000000,0x0000000085a73ce0,0x000000008bf80000)
 Metaspace       used 66697K, capacity 68606K, committed 68760K, reserved 1110016K
  class space    used 7561K, capacity 8004K, committed 8112K, reserved 1048576K
}
Event: 3619.151 GC heap before
{Heap before GC invocations=17 (full 3):
 PSYoungGen      total 321536K, used 293130K [0x00000000d5580000, 0x00000000f0d00000, 0x0000000100000000)
  eden space 260608K, 93% used [0x00000000d5580000,0x00000000e43840b0,0x00000000e5400000)
  from space 60928K, 81% used [0x00000000e5400000,0x00000000e843e9d8,0x00000000e8f80000)
  to   space 66560K, 0% used [0x00000000ecc00000,0x00000000ecc00000,0x00000000f0d00000)
 ParOldGen       total 196096K, used 92623K [0x0000000080000000, 0x000000008bf80000, 0x00000000d5580000)
  object space 196096K, 47% used [0x0000000080000000,0x0000000085a73ce0,0x000000008bf80000)
 Metaspace       used 67126K, capacity 69162K, committed 69272K, reserved 1110016K
  class space    used 7573K, capacity 8036K, committed 8112K, reserved 1048576K
Event: 3619.160 GC heap after
Heap after GC invocations=17 (full 3):
 PSYoungGen      total 383488K, used 3976K [0x00000000d5580000, 0x00000000f0d00000, 0x0000000100000000)
  eden space 316928K, 0% used [0x00000000d5580000,0x00000000d5580000,0x00000000e8b00000)
  from space 66560K, 5% used [0x00000000ecc00000,0x00000000ecfe2180,0x00000000f0d00000)
  to   space 66560K, 0% used [0x00000000e8b00000,0x00000000e8b00000,0x00000000ecc00000)
 ParOldGen       total 196096K, used 92631K [0x0000000080000000, 0x000000008bf80000, 0x00000000d5580000)
  object space 196096K, 47% used [0x0000000080000000,0x0000000085a75ce0,0x000000008bf80000)
 Metaspace       used 67126K, capacity 69162K, committed 69272K, reserved 1110016K
  class space    used 7573K, capacity 8036K, committed 8112K, reserved 1048576K
}
Event: 3619.160 GC heap before
{Heap before GC invocations=18 (full 4):
 PSYoungGen      total 383488K, used 3976K [0x00000000d5580000, 0x00000000f0d00000, 0x0000000100000000)
  eden space 316928K, 0% used [0x00000000d5580000,0x00000000d5580000,0x00000000e8b00000)
  from space 66560K, 5% used [0x00000000ecc00000,0x00000000ecfe2180,0x00000000f0d00000)
  to   space 66560K, 0% used [0x00000000e8b00000,0x00000000e8b00000,0x00000000ecc00000)
 ParOldGen       total 196096K, used 92631K [0x0000000080000000, 0x000000008bf80000, 0x00000000d5580000)
  object space 196096K, 47% used [0x0000000080000000,0x0000000085a75ce0,0x000000008bf80000)
 Metaspace       used 67126K, capacity 69162K, committed 69272K, reserved 1110016K
  class space    used 7573K, capacity 8036K, committed 8112K, reserved 1048576K
Event: 3619.401 GC heap after
Heap after GC invocations=18 (full 4):
 PSYoungGen      total 383488K, used 0K [0x00000000d5580000, 0x00000000f0d00000, 0x0000000100000000)
  eden space 316928K, 0% used [0x00000000d5580000,0x00000000d5580000,0x00000000e8b00000)
  from space 66560K, 0% used [0x00000000ecc00000,0x00000000ecc00000,0x00000000f0d00000)
  to   space 66560K, 0% used [0x00000000e8b00000,0x00000000e8b00000,0x00000000ecc00000)
 ParOldGen       total 196096K, used 17662K [0x0000000080000000, 0x000000008bf80000, 0x00000000d5580000)
  object space 196096K, 9% used [0x0000000080000000,0x000000008113f9c8,0x000000008bf80000)
 Metaspace       used 66713K, capacity 68690K, committed 69272K, reserved 1110016K
  class space    used 7519K, capacity 7948K, committed 8112K, reserved 1048576K
}
Event: 4112.739 GC heap before
{Heap before GC invocations=19 (full 4):
 PSYoungGen      total 383488K, used 316928K [0x00000000d5580000, 0x00000000f0d00000, 0x0000000100000000)
  eden space 316928K, 100% used [0x00000000d5580000,0x00000000e8b00000,0x00000000e8b00000)
  from space 66560K, 0% used [0x00000000ecc00000,0x00000000ecc00000,0x00000000f0d00000)
  to   space 66560K, 0% used [0x00000000e8b00000,0x00000000e8b00000,0x00000000ecc00000)
 ParOldGen       total 196096K, used 17662K [0x0000000080000000, 0x000000008bf80000, 0x00000000d5580000)
  object space 196096K, 9% used [0x0000000080000000,0x000000008113f9c8,0x000000008bf80000)
 Metaspace       used 67165K, capacity 69080K, committed 69272K, reserved 1110016K
  class space    used 7559K, capacity 7989K, committed 8112K, reserved 1048576K

