# JRE version: OpenJDK Runtime Environment (8.0_152-b06) (build 1.8.0_152-release-1136-b06)
# Java VM: OpenJDK 64-Bit Server VM (25.152-b06 mixed mode linux-amd64 compressed oops)
Heap:
 PSYoungGen      total 498176K, used 83453K [0x00000000d5580000, 0x00000000f8d80000, 0x0000000100000000)
  eden space 414720K, 0% used [0x00000000d5580000,0x00000000d5580000,0x00000000eea80000)
  from space 83456K, 99% used [0x00000000eea80000,0x00000000f3bff478,0x00000000f3c00000)
  to   space 78336K, 0% used [0x00000000f4100000,0x00000000f4100000,0x00000000f8d80000)
 ParOldGen       total 647168K, used 551948K [0x0000000080000000, 0x00000000a7800000, 0x00000000d5580000)
  object space 647168K, 85% used [0x0000000080000000,0x00000000a1b031c8,0x00000000a7800000)
 Metaspace       used 131041K, capacity 137278K, committed 137472K, reserved 1169408K
  class space    used 16181K, capacity 17357K, committed 17408K, reserved 1048576K
GC Heap History (10 events):
Event: 3025.743 GC heap after
Heap after GC invocations=69 (full 9):
 PSYoungGen      total 495616K, used 35080K [0x00000000d5580000, 0x00000000fa380000, 0x0000000100000000)
  eden space 403456K, 0% used [0x00000000d5580000,0x00000000d5580000,0x00000000edf80000)
  from space 92160K, 38% used [0x00000000f4980000,0x00000000f6bc23b8,0x00000000fa380000)
  to   space 100352K, 0% used [0x00000000edf80000,0x00000000edf80000,0x00000000f4180000)
 ParOldGen       total 647168K, used 520316K [0x0000000080000000, 0x00000000a7800000, 0x00000000d5580000)
  object space 647168K, 80% used [0x0000000080000000,0x000000009fc1f2e0,0x00000000a7800000)
 Metaspace       used 130283K, capacity 136390K, committed 136704K, reserved 1169408K
  class space    used 16135K, capacity 17305K, committed 17408K, reserved 1048576K
}
Event: 3034.390 GC heap before
{Heap before GC invocations=70 (full 9):
 PSYoungGen      total 495616K, used 438536K [0x00000000d5580000, 0x00000000fa380000, 0x0000000100000000)
  eden space 403456K, 100% used [0x00000000d5580000,0x00000000edf80000,0x00000000edf80000)
  from space 92160K, 38% used [0x00000000f4980000,0x00000000f6bc23b8,0x00000000fa380000)
  to   space 100352K, 0% used [0x00000000edf80000,0x00000000edf80000,0x00000000f4180000)
 ParOldGen       total 647168K, used 520316K [0x0000000080000000, 0x00000000a7800000, 0x00000000d5580000)
  object space 647168K, 80% used [0x0000000080000000,0x000000009fc1f2e0,0x00000000a7800000)
 Metaspace       used 130308K, capacity 136454K, committed 136704K, reserved 1169408K
  class space    used 16135K, capacity 17305K, committed 17408K, reserved 1048576K
Event: 3034.430 GC heap after
Heap after GC invocations=70 (full 9):
 PSYoungGen      total 503808K, used 16681K [0x00000000d5580000, 0x00000000fa380000, 0x0000000100000000)
  eden space 403456K, 0% used [0x00000000d5580000,0x00000000d5580000,0x00000000edf80000)
  from space 100352K, 16% used [0x00000000edf80000,0x00000000eefca550,0x00000000f4180000)
  to   space 96256K, 0% used [0x00000000f4580000,0x00000000f4580000,0x00000000fa380000)
 ParOldGen       total 647168K, used 520316K [0x0000000080000000, 0x00000000a7800000, 0x00000000d5580000)
  object space 647168K, 80% used [0x0000000080000000,0x000000009fc1f2e0,0x00000000a7800000)
 Metaspace       used 130308K, capacity 136454K, committed 136704K, reserved 1169408K
  class space    used 16135K, capacity 17305K, committed 17408K, reserved 1048576K
}
Event: 3220.395 GC heap before
{Heap before GC invocations=71 (full 9):
 PSYoungGen      total 503808K, used 420137K [0x00000000d5580000, 0x00000000fa380000, 0x0000000100000000)
  eden space 403456K, 100% used [0x00000000d5580000,0x00000000edf80000,0x00000000edf80000)
  from space 100352K, 16% used [0x00000000edf80000,0x00000000eefca550,0x00000000f4180000)
  to   space 96256K, 0% used [0x00000000f4580000,0x00000000f4580000,0x00000000fa380000)
 ParOldGen       total 647168K, used 520316K [0x0000000080000000, 0x00000000a7800000, 0x00000000d5580000)
  object space 647168K, 80% used [0x0000000080000000,0x000000009fc1f2e0,0x00000000a7800000)
 Metaspace       used 130508K, capacity 136652K, committed 136960K, reserved 1169408K
  class space    used 16142K, capacity 17316K, committed 17408K, reserved 1048576K
Event: 3220.439 GC heap after
Heap after GC invocations=71 (full 9):
 PSYoungGen      total 494592K, used 18763K [0x00000000d5580000, 0x00000000f9800000, 0x0000000100000000)
  eden space 410112K, 0% used [0x00000000d5580000,0x00000000d5580000,0x00000000ee600000)
  from space 84480K, 22% used [0x00000000f4580000,0x00000000f57d2ed8,0x00000000f9800000)
  to   space 91136K, 0% used [0x00000000ee600000,0x00000000ee600000,0x00000000f3f00000)
 ParOldGen       total 647168K, used 520324K [0x0000000080000000, 0x00000000a7800000, 0x00000000d5580000)
  object space 647168K, 80% used [0x0000000080000000,0x000000009fc212e0,0x00000000a7800000)
 Metaspace       used 130508K, capacity 136652K, committed 136960K, reserved 1169408K
  class space    used 16142K, capacity 17316K, committed 17408K, reserved 1048576K
}
Event: 3295.289 GC heap before
{Heap before GC invocations=72 (full 9):
 PSYoungGen      total 494592K, used 428875K [0x00000000d5580000, 0x00000000f9800000, 0x0000000100000000)
  eden space 410112K, 100% used [0x00000000d5580000,0x00000000ee600000,0x00000000ee600000)
  from space 84480K, 22% used [0x00000000f4580000,0x00000000f57d2ed8,0x00000000f9800000)
  to   space 91136K, 0% used [0x00000000ee600000,0x00000000ee600000,0x00000000f3f00000)
 ParOldGen       total 647168K, used 520324K [0x0000000080000000, 0x00000000a7800000, 0x00000000d5580000)
  object space 647168K, 80% used [0x0000000080000000,0x000000009fc212e0,0x00000000a7800000)
 Metaspace       used 130621K, capacity 136716K, committed 136960K, reserved 1169408K
  class space    used 16143K, capacity 17316K, committed 17408K, reserved 1048576K
Event: 3295.367 GC heap after
Heap after GC invocations=72 (full 9):
 PSYoungGen      total 501248K, used 13740K [0x00000000d5580000, 0x00000000f9680000, 0x0000000100000000)
  eden space 410112K, 0% used [0x00000000d5580000,0x00000000d5580000,0x00000000ee600000)
  from space 91136K, 15% used [0x00000000ee600000,0x00000000ef36b220,0x00000000f3f00000)
  to   space 87552K, 0% used [0x00000000f4100000,0x00000000f4100000,0x00000000f9680000)
 ParOldGen       total 647168K, used 520332K [0x0000000080000000, 0x00000000a7800000, 0x00000000d5580000)
  object space 647168K, 80% used [0x0000000080000000,0x000000009fc232e0,0x00000000a7800000)
 Metaspace       used 130621K, capacity 136716K, committed 136960K, reserved 1169408K
  class space    used 16143K, capacity 17316K, committed 17408K, reserved 1048576K
}
Event: 3604.505 GC heap before
{Heap before GC invocations=73 (full 9):
 PSYoungGen      total 501248K, used 423852K [0x00000000d5580000, 0x00000000f9680000, 0x0000000100000000)
  eden space 410112K, 100% used [0x00000000d5580000,0x00000000ee600000,0x00000000ee600000)
  from space 91136K, 15% used [0x00000000ee600000,0x00000000ef36b220,0x00000000f3f00000)
  to   space 87552K, 0% used [0x00000000f4100000,0x00000000f4100000,0x00000000f9680000)
 ParOldGen       total 647168K, used 520332K [0x0000000080000000, 0x00000000a7800000, 0x00000000d5580000)
  object space 647168K, 80% used [0x0000000080000000,0x000000009fc232e0,0x00000000a7800000)
 Metaspace       used 130704K, capacity 136780K, committed 136960K, reserved 1169408K
  class space    used 16144K, capacity 17316K, committed 17408K, reserved 1048576K
Event: 3604.540 GC heap after
Heap after GC invocations=73 (full 9):
 PSYoungGen      total 493056K, used 13714K [0x00000000d5580000, 0x00000000f8d80000, 0x0000000100000000)
  eden space 414720K, 0% used [0x00000000d5580000,0x00000000d5580000,0x00000000eea80000)
  from space 78336K, 17% used [0x00000000f4100000,0x00000000f4e649b8,0x00000000f8d80000)
  to   space 83456K, 0% used [0x00000000eea80000,0x00000000eea80000,0x00000000f3c00000)
 ParOldGen       total 647168K, used 520340K [0x0000000080000000, 0x00000000a7800000, 0x00000000d5580000)
  object space 647168K, 80% used [0x0000000080000000,0x000000009fc252e0,0x00000000a7800000)
 Metaspace       used 130704K, capacity 136780K, committed 136960K, reserved 1169408K
  class space    used 16144K, capacity 17316K, committed 17408K, reserved 1048576K
}
Event: 3611.301 GC heap before
{Heap before GC invocations=74 (full 9):
 PSYoungGen      total 493056K, used 428434K [0x00000000d5580000, 0x00000000f8d80000, 0x0000000100000000)
  eden space 414720K, 100% used [0x00000000d5580000,0x00000000eea80000,0x00000000eea80000)
  from space 78336K, 17% used [0x00000000f4100000,0x00000000f4e649b8,0x00000000f8d80000)
  to   space 83456K, 0% used [0x00000000eea80000,0x00000000eea80000,0x00000000f3c00000)
 ParOldGen       total 647168K, used 520340K [0x0000000080000000, 0x00000000a7800000, 0x00000000d5580000)
  object space 647168K, 80% used [0x0000000080000000,0x000000009fc252e0,0x00000000a7800000)
 Metaspace       used 131041K, capacity 137278K, committed 137472K, reserved 1169408K
  class space    used 16181K, capacity 17357K, committed 17408K, reserved 1048576K

