# JRE version: OpenJDK Runtime Environment (8.0_152-b06) (build 1.8.0_152-release-1136-b06)
# Java VM: OpenJDK 64-Bit Server VM (25.152-b06 mixed mode linux-amd64 compressed oops)
Heap:
 PSYoungGen      total 410624K, used 27164K [0x00000000d5580000, 0x00000000f1300000, 0x0000000100000000)
  eden space 365056K, 0% used [0x00000000d5580000,0x00000000d5580000,0x00000000eba00000)
  from space 45568K, 59% used [0x00000000eba00000,0x00000000ed487160,0x00000000ee680000)
  to   space 34304K, 0% used [0x00000000ef180000,0x00000000ef180000,0x00000000f1300000)
 ParOldGen       total 169472K, used 131530K [0x0000000080000000, 0x000000008a580000, 0x00000000d5580000)
  object space 169472K, 77% used [0x0000000080000000,0x0000000088072928,0x000000008a580000)
 Metaspace       used 65926K, capacity 67966K, committed 68144K, reserved 1110016K
  class space    used 7707K, capacity 8198K, committed 8240K, reserved 1048576K
GC Heap History (10 events):
Event: 443.626 GC heap after
Heap after GC invocations=16 (full 4):
 PSYoungGen      total 263168K, used 28839K [0x00000000d5580000, 0x00000000e9080000, 0x0000000100000000)
  eden space 215040K, 0% used [0x00000000d5580000,0x00000000d5580000,0x00000000e2780000)
  from space 48128K, 59% used [0x00000000e5780000,0x00000000e73a9e10,0x00000000e8680000)
  to   space 49152K, 0% used [0x00000000e2780000,0x00000000e2780000,0x00000000e5780000)
 ParOldGen       total 169472K, used 76974K [0x0000000080000000, 0x000000008a580000, 0x00000000d5580000)
  object space 169472K, 45% used [0x0000000080000000,0x0000000084b2ba20,0x000000008a580000)
 Metaspace       used 48712K, capacity 49612K, committed 49840K, reserved 1093632K
  class space    used 5794K, capacity 6003K, committed 6064K, reserved 1048576K
}
Event: 445.813 GC heap before
{Heap before GC invocations=17 (full 4):
 PSYoungGen      total 263168K, used 243879K [0x00000000d5580000, 0x00000000e9080000, 0x0000000100000000)
  eden space 215040K, 100% used [0x00000000d5580000,0x00000000e2780000,0x00000000e2780000)
  from space 48128K, 59% used [0x00000000e5780000,0x00000000e73a9e10,0x00000000e8680000)
  to   space 49152K, 0% used [0x00000000e2780000,0x00000000e2780000,0x00000000e5780000)
 ParOldGen       total 169472K, used 76974K [0x0000000080000000, 0x000000008a580000, 0x00000000d5580000)
  object space 169472K, 45% used [0x0000000080000000,0x0000000084b2ba20,0x000000008a580000)
 Metaspace       used 50921K, capacity 51938K, committed 52144K, reserved 1095680K
  class space    used 6048K, capacity 6292K, committed 6320K, reserved 1048576K
Event: 445.943 GC heap after
Heap after GC invocations=17 (full 4):
 PSYoungGen      total 264192K, used 28654K [0x00000000d5580000, 0x00000000ed980000, 0x0000000100000000)
  eden space 215040K, 0% used [0x00000000d5580000,0x00000000d5580000,0x00000000e2780000)
  from space 49152K, 58% used [0x00000000e2780000,0x00000000e437b940,0x00000000e5780000)
  to   space 49664K, 0% used [0x00000000ea900000,0x00000000ea900000,0x00000000ed980000)
 ParOldGen       total 169472K, used 103686K [0x0000000080000000, 0x000000008a580000, 0x00000000d5580000)
  object space 169472K, 61% used [0x0000000080000000,0x0000000086541960,0x000000008a580000)
 Metaspace       used 50921K, capacity 51938K, committed 52144K, reserved 1095680K
  class space    used 6048K, capacity 6292K, committed 6320K, reserved 1048576K
}
Event: 741.804 GC heap before
{Heap before GC invocations=18 (full 4):
 PSYoungGen      total 264192K, used 243694K [0x00000000d5580000, 0x00000000ed980000, 0x0000000100000000)
  eden space 215040K, 100% used [0x00000000d5580000,0x00000000e2780000,0x00000000e2780000)
  from space 49152K, 58% used [0x00000000e2780000,0x00000000e437b940,0x00000000e5780000)
  to   space 49664K, 0% used [0x00000000ea900000,0x00000000ea900000,0x00000000ed980000)
 ParOldGen       total 169472K, used 103686K [0x0000000080000000, 0x000000008a580000, 0x00000000d5580000)
  object space 169472K, 61% used [0x0000000080000000,0x0000000086541960,0x000000008a580000)
 Metaspace       used 62122K, capacity 63522K, committed 63792K, reserved 1105920K
  class space    used 7362K, capacity 7722K, committed 7728K, reserved 1048576K
Event: 741.903 GC heap after
Heap after GC invocations=18 (full 4):
 PSYoungGen      total 325120K, used 17229K [0x00000000d5580000, 0x00000000ecc00000, 0x0000000100000000)
  eden space 289280K, 0% used [0x00000000d5580000,0x00000000d5580000,0x00000000e7000000)
  from space 35840K, 48% used [0x00000000ea900000,0x00000000eb9d3748,0x00000000ecc00000)
  to   space 47104K, 0% used [0x00000000e7000000,0x00000000e7000000,0x00000000e9e00000)
 ParOldGen       total 169472K, used 123221K [0x0000000080000000, 0x000000008a580000, 0x00000000d5580000)
  object space 169472K, 72% used [0x0000000080000000,0x00000000878554f8,0x000000008a580000)
 Metaspace       used 62122K, capacity 63522K, committed 63792K, reserved 1105920K
  class space    used 7362K, capacity 7722K, committed 7728K, reserved 1048576K
}
Event: 1630.246 GC heap before
{Heap before GC invocations=19 (full 4):
 PSYoungGen      total 325120K, used 306509K [0x00000000d5580000, 0x00000000ecc00000, 0x0000000100000000)
  eden space 289280K, 100% used [0x00000000d5580000,0x00000000e7000000,0x00000000e7000000)
  from space 35840K, 48% used [0x00000000ea900000,0x00000000eb9d3748,0x00000000ecc00000)
  to   space 47104K, 0% used [0x00000000e7000000,0x00000000e7000000,0x00000000e9e00000)
 ParOldGen       total 169472K, used 123221K [0x0000000080000000, 0x000000008a580000, 0x00000000d5580000)
  object space 169472K, 72% used [0x0000000080000000,0x00000000878554f8,0x000000008a580000)
 Metaspace       used 63019K, capacity 64548K, committed 64688K, reserved 1105920K
  class space    used 7437K, capacity 7815K, committed 7856K, reserved 1048576K
Event: 1630.286 GC heap after
Heap after GC invocations=19 (full 4):
 PSYoungGen      total 336384K, used 14772K [0x00000000d5580000, 0x00000000f1d80000, 0x0000000100000000)
  eden space 289280K, 0% used [0x00000000d5580000,0x00000000d5580000,0x00000000e7000000)
  from space 47104K, 31% used [0x00000000e7000000,0x00000000e7e6d198,0x00000000e9e00000)
  to   space 45056K, 0% used [0x00000000ef180000,0x00000000ef180000,0x00000000f1d80000)
 ParOldGen       total 169472K, used 126216K [0x0000000080000000, 0x000000008a580000, 0x00000000d5580000)
  object space 169472K, 74% used [0x0000000080000000,0x0000000087b420f8,0x000000008a580000)
 Metaspace       used 63019K, capacity 64548K, committed 64688K, reserved 1105920K
  class space    used 7437K, capacity 7815K, committed 7856K, reserved 1048576K
}
Event: 1692.791 GC heap before
{Heap before GC invocations=20 (full 4):
 PSYoungGen      total 336384K, used 303164K [0x00000000d5580000, 0x00000000f1d80000, 0x0000000100000000)
  eden space 289280K, 99% used [0x00000000d5580000,0x00000000e6f21f00,0x00000000e7000000)
  from space 47104K, 31% used [0x00000000e7000000,0x00000000e7e6d198,0x00000000e9e00000)
  to   space 45056K, 0% used [0x00000000ef180000,0x00000000ef180000,0x00000000f1d80000)
 ParOldGen       total 169472K, used 126216K [0x0000000080000000, 0x000000008a580000, 0x00000000d5580000)
  object space 169472K, 74% used [0x0000000080000000,0x0000000087b420f8,0x000000008a580000)
 Metaspace       used 64642K, capacity 66440K, committed 66736K, reserved 1107968K
  class space    used 7582K, capacity 8033K, committed 8112K, reserved 1048576K
Event: 1692.851 GC heap after
Heap after GC invocations=20 (full 4):
 PSYoungGen      total 399360K, used 26832K [0x00000000d5580000, 0x00000000f1300000, 0x0000000100000000)
  eden space 365056K, 0% used [0x00000000d5580000,0x00000000d5580000,0x00000000eba00000)
  from space 34304K, 78% used [0x00000000ef180000,0x00000000f0bb4170,0x00000000f1300000)
  to   space 45568K, 0% used [0x00000000eba00000,0x00000000eba00000,0x00000000ee680000)
 ParOldGen       total 169472K, used 131522K [0x0000000080000000, 0x000000008a580000, 0x00000000d5580000)
  object space 169472K, 77% used [0x0000000080000000,0x0000000088070928,0x000000008a580000)
 Metaspace       used 64642K, capacity 66440K, committed 66736K, reserved 1107968K
  class space    used 7582K, capacity 8033K, committed 8112K, reserved 1048576K
}
Event: 2075.880 GC heap before
{Heap before GC invocations=21 (full 4):
 PSYoungGen      total 399360K, used 391888K [0x00000000d5580000, 0x00000000f1300000, 0x0000000100000000)
  eden space 365056K, 100% used [0x00000000d5580000,0x00000000eba00000,0x00000000eba00000)
  from space 34304K, 78% used [0x00000000ef180000,0x00000000f0bb4170,0x00000000f1300000)
  to   space 45568K, 0% used [0x00000000eba00000,0x00000000eba00000,0x00000000ee680000)
 ParOldGen       total 169472K, used 131522K [0x0000000080000000, 0x000000008a580000, 0x00000000d5580000)
  object space 169472K, 77% used [0x0000000080000000,0x0000000088070928,0x000000008a580000)
 Metaspace       used 65926K, capacity 67966K, committed 68144K, reserved 1110016K
  class space    used 7707K, capacity 8198K, committed 8240K, reserved 1048576K

