# JRE version: OpenJDK Runtime Environment (8.0_152-b06) (build 1.8.0_152-release-1136-b06)
# Java VM: OpenJDK 64-Bit Server VM (25.152-b06 mixed mode linux-amd64 compressed oops)
Heap:
 PSYoungGen      total 466432K, used 0K [0x00000000d5580000, 0x0000000100000000, 0x0000000100000000)
  eden space 353792K, 0% used [0x00000000d5580000,0x00000000d5580000,0x00000000eaf00000)
  from space 112640K, 0% used [0x00000000f9200000,0x00000000f9200000,0x0000000100000000)
  to   space 172544K, 0% used [0x00000000eaf00000,0x00000000eaf00000,0x00000000f5780000)
 ParOldGen       total 629248K, used 372914K [0x0000000080000000, 0x00000000a6680000, 0x00000000d5580000)
  object space 629248K, 59% used [0x0000000080000000,0x0000000096c2cbb0,0x00000000a6680000)
 Metaspace       used 200607K, capacity 209160K, committed 213504K, reserved 1236992K
  class space    used 23621K, capacity 25079K, committed 26112K, reserved 1048576K
GC Heap History (10 events):
Event: 2866.845 GC heap after
Heap after GC invocations=169 (full 21):
 PSYoungGen      total 577024K, used 16208K [0x00000000d5580000, 0x00000000fee80000, 0x0000000100000000)
  eden space 489472K, 0% used [0x00000000d5580000,0x00000000d5580000,0x00000000f3380000)
  from space 87552K, 18% used [0x00000000f9900000,0x00000000fa8d4250,0x00000000fee80000)
  to   space 95744K, 0% used [0x00000000f3380000,0x00000000f3380000,0x00000000f9100000)
 ParOldGen       total 629248K, used 440233K [0x0000000080000000, 0x00000000a6680000, 0x00000000d5580000)
  object space 629248K, 69% used [0x0000000080000000,0x000000009adea650,0x00000000a6680000)
 Metaspace       used 201198K, capacity 209920K, committed 210816K, reserved 1234944K
  class space    used 23719K, capacity 25215K, committed 25984K, reserved 1048576K
}
Event: 2867.062 GC heap before
{Heap before GC invocations=170 (full 21):
 PSYoungGen      total 577024K, used 505094K [0x00000000d5580000, 0x00000000fee80000, 0x0000000100000000)
  eden space 489472K, 99% used [0x00000000d5580000,0x00000000f32ed6c8,0x00000000f3380000)
  from space 87552K, 18% used [0x00000000f9900000,0x00000000fa8d4250,0x00000000fee80000)
  to   space 95744K, 0% used [0x00000000f3380000,0x00000000f3380000,0x00000000f9100000)
 ParOldGen       total 629248K, used 440233K [0x0000000080000000, 0x00000000a6680000, 0x00000000d5580000)
  object space 629248K, 69% used [0x0000000080000000,0x000000009adea650,0x00000000a6680000)
 Metaspace       used 201198K, capacity 209920K, committed 210816K, reserved 1234944K
  class space    used 23719K, capacity 25215K, committed 25984K, reserved 1048576K
Event: 2867.078 GC heap after
Heap after GC invocations=170 (full 21):
 PSYoungGen      total 585216K, used 64K [0x00000000d5580000, 0x0000000100000000, 0x0000000100000000)
  eden space 489472K, 0% used [0x00000000d5580000,0x00000000d5580000,0x00000000f3380000)
  from space 95744K, 0% used [0x00000000f3380000,0x00000000f3390000,0x00000000f9100000)
  to   space 92672K, 0% used [0x00000000fa580000,0x00000000fa580000,0x0000000100000000)
 ParOldGen       total 629248K, used 446782K [0x0000000080000000, 0x00000000a6680000, 0x00000000d5580000)
  object space 629248K, 71% used [0x0000000080000000,0x000000009b44fb50,0x00000000a6680000)
 Metaspace       used 201198K, capacity 209920K, committed 210816K, reserved 1234944K
  class space    used 23719K, capacity 25215K, committed 25984K, reserved 1048576K
}
Event: 3141.614 GC heap before
{Heap before GC invocations=171 (full 21):
 PSYoungGen      total 585216K, used 489536K [0x00000000d5580000, 0x0000000100000000, 0x0000000100000000)
  eden space 489472K, 100% used [0x00000000d5580000,0x00000000f3380000,0x00000000f3380000)
  from space 95744K, 0% used [0x00000000f3380000,0x00000000f3390000,0x00000000f9100000)
  to   space 92672K, 0% used [0x00000000fa580000,0x00000000fa580000,0x0000000100000000)
 ParOldGen       total 629248K, used 446782K [0x0000000080000000, 0x00000000a6680000, 0x00000000d5580000)
  object space 629248K, 71% used [0x0000000080000000,0x000000009b44fb50,0x00000000a6680000)
 Metaspace       used 201231K, capacity 209920K, committed 210816K, reserved 1234944K
  class space    used 23720K, capacity 25215K, committed 25984K, reserved 1048576K
Event: 3141.704 GC heap after
Heap after GC invocations=171 (full 21):
 PSYoungGen      total 588800K, used 64374K [0x00000000d5580000, 0x0000000100000000, 0x0000000100000000)
  eden space 496128K, 0% used [0x00000000d5580000,0x00000000d5580000,0x00000000f3a00000)
  from space 92672K, 69% used [0x00000000fa580000,0x00000000fe45d810,0x0000000100000000)
  to   space 101376K, 0% used [0x00000000f3a00000,0x00000000f3a00000,0x00000000f9d00000)
 ParOldGen       total 629248K, used 446838K [0x0000000080000000, 0x00000000a6680000, 0x00000000d5580000)
  object space 629248K, 71% used [0x0000000080000000,0x000000009b45db50,0x00000000a6680000)
 Metaspace       used 201231K, capacity 209920K, committed 210816K, reserved 1234944K
  class space    used 23720K, capacity 25215K, committed 25984K, reserved 1048576K
}
Event: 3142.948 GC heap before
{Heap before GC invocations=172 (full 21):
 PSYoungGen      total 588800K, used 560502K [0x00000000d5580000, 0x0000000100000000, 0x0000000100000000)
  eden space 496128K, 100% used [0x00000000d5580000,0x00000000f3a00000,0x00000000f3a00000)
  from space 92672K, 69% used [0x00000000fa580000,0x00000000fe45d810,0x0000000100000000)
  to   space 101376K, 0% used [0x00000000f3a00000,0x00000000f3a00000,0x00000000f9d00000)
 ParOldGen       total 629248K, used 446838K [0x0000000080000000, 0x00000000a6680000, 0x00000000d5580000)
  object space 629248K, 71% used [0x0000000080000000,0x000000009b45db50,0x00000000a6680000)
 Metaspace       used 201600K, capacity 210348K, committed 211328K, reserved 1234944K
  class space    used 23760K, capacity 25255K, committed 25984K, reserved 1048576K
Event: 3143.159 GC heap after
Heap after GC invocations=172 (full 21):
 PSYoungGen      total 571904K, used 75683K [0x00000000d5580000, 0x0000000100000000, 0x0000000100000000)
  eden space 496128K, 0% used [0x00000000d5580000,0x00000000d5580000,0x00000000f3a00000)
  from space 75776K, 99% used [0x00000000f3a00000,0x00000000f83e8e98,0x00000000f8400000)
  to   space 112640K, 0% used [0x00000000f9200000,0x00000000f9200000,0x0000000100000000)
 ParOldGen       total 629248K, used 509747K [0x0000000080000000, 0x00000000a6680000, 0x00000000d5580000)
  object space 629248K, 81% used [0x0000000080000000,0x000000009f1ccf98,0x00000000a6680000)
 Metaspace       used 201600K, capacity 210348K, committed 211328K, reserved 1234944K
  class space    used 23760K, capacity 25255K, committed 25984K, reserved 1048576K
}
Event: 3145.724 GC heap before
{Heap before GC invocations=173 (full 21):
 PSYoungGen      total 571904K, used 571811K [0x00000000d5580000, 0x0000000100000000, 0x0000000100000000)
  eden space 496128K, 100% used [0x00000000d5580000,0x00000000f3a00000,0x00000000f3a00000)
  from space 75776K, 99% used [0x00000000f3a00000,0x00000000f83e8e98,0x00000000f8400000)
  to   space 112640K, 0% used [0x00000000f9200000,0x00000000f9200000,0x0000000100000000)
 ParOldGen       total 629248K, used 509747K [0x0000000080000000, 0x00000000a6680000, 0x00000000d5580000)
  object space 629248K, 81% used [0x0000000080000000,0x000000009f1ccf98,0x00000000a6680000)
 Metaspace       used 208600K, capacity 217342K, committed 217600K, reserved 1241088K
  class space    used 24531K, capacity 26038K, committed 26112K, reserved 1048576K
Event: 3146.059 GC heap after
Heap after GC invocations=173 (full 21):
 PSYoungGen      total 466432K, used 112627K [0x00000000d5580000, 0x0000000100000000, 0x0000000100000000)
  eden space 353792K, 0% used [0x00000000d5580000,0x00000000d5580000,0x00000000eaf00000)
  from space 112640K, 99% used [0x00000000f9200000,0x00000000ffffcfd0,0x0000000100000000)
  to   space 172544K, 0% used [0x00000000eaf00000,0x00000000eaf00000,0x00000000f5780000)
 ParOldGen       total 629248K, used 611005K [0x0000000080000000, 0x00000000a6680000, 0x00000000d5580000)
  object space 629248K, 97% used [0x0000000080000000,0x00000000a54af6b8,0x00000000a6680000)
 Metaspace       used 208600K, capacity 217342K, committed 217600K, reserved 1241088K
  class space    used 24531K, capacity 26038K, committed 26112K, reserved 1048576K
}
Event: 3146.064 GC heap before
{Heap before GC invocations=174 (full 22):
 PSYoungGen      total 466432K, used 112627K [0x00000000d5580000, 0x0000000100000000, 0x0000000100000000)
  eden space 353792K, 0% used [0x00000000d5580000,0x00000000d5580000,0x00000000eaf00000)
  from space 112640K, 99% used [0x00000000f9200000,0x00000000ffffcfd0,0x0000000100000000)
  to   space 172544K, 0% used [0x00000000eaf00000,0x00000000eaf00000,0x00000000f5780000)
 ParOldGen       total 629248K, used 611005K [0x0000000080000000, 0x00000000a6680000, 0x00000000d5580000)
  object space 629248K, 97% used [0x0000000080000000,0x00000000a54af6b8,0x00000000a6680000)
 Metaspace       used 208600K, capacity 217342K, committed 217600K, reserved 1241088K
  class space    used 24531K, capacity 26038K, committed 26112K, reserved 1048576K

