# JRE version: OpenJDK Runtime Environment (8.0_152-b01) (build 1.8.0_152-release-1024-b01)
# Java VM: OpenJDK 64-Bit Server VM (25.152-b01 mixed mode linux-amd64 compressed oops)
Heap:
 PSYoungGen      total 521728K, used 0K [0x00000000d5580000, 0x0000000100000000, 0x0000000100000000)
  eden space 418304K, 0% used [0x00000000d5580000,0x00000000d5580000,0x00000000eee00000)
  from space 103424K, 0% used [0x00000000f9b00000,0x00000000f9b00000,0x0000000100000000)
  to   space 140288K, 0% used [0x00000000eee00000,0x00000000eee00000,0x00000000f7700000)
 ParOldGen       total 454656K, used 295967K [0x0000000080000000, 0x000000009bc00000, 0x00000000d5580000)
  object space 454656K, 65% used [0x0000000080000000,0x0000000092107f30,0x000000009bc00000)
 Metaspace       used 86029K, capacity 88566K, committed 88832K, reserved 1126400K
  class space    used 10757K, capacity 11452K, committed 11520K, reserved 1048576K
GC Heap History (10 events):
Event: 45.322 GC heap after
Heap after GC invocations=25 (full 5):
 PSYoungGen      total 486912K, used 0K [0x00000000d5580000, 0x00000000f8f00000, 0x0000000100000000)
  eden space 407040K, 0% used [0x00000000d5580000,0x00000000d5580000,0x00000000ee300000)
  from space 79872K, 0% used [0x00000000f4100000,0x00000000f4100000,0x00000000f8f00000)
  to   space 88064K, 0% used [0x00000000ee300000,0x00000000ee300000,0x00000000f3900000)
 ParOldGen       total 454656K, used 261504K [0x0000000080000000, 0x000000009bc00000, 0x00000000d5580000)
  object space 454656K, 57% used [0x0000000080000000,0x000000008ff60240,0x000000009bc00000)
 Metaspace       used 76053K, capacity 78350K, committed 78592K, reserved 1118208K
  class space    used 9817K, capacity 10468K, committed 10496K, reserved 1048576K
}
Event: 143.390 GC heap before
{Heap before GC invocations=26 (full 5):
 PSYoungGen      total 486912K, used 407040K [0x00000000d5580000, 0x00000000f8f00000, 0x0000000100000000)
  eden space 407040K, 100% used [0x00000000d5580000,0x00000000ee300000,0x00000000ee300000)
  from space 79872K, 0% used [0x00000000f4100000,0x00000000f4100000,0x00000000f8f00000)
  to   space 88064K, 0% used [0x00000000ee300000,0x00000000ee300000,0x00000000f3900000)
 ParOldGen       total 454656K, used 261504K [0x0000000080000000, 0x000000009bc00000, 0x00000000d5580000)
  object space 454656K, 57% used [0x0000000080000000,0x000000008ff60240,0x000000009bc00000)
 Metaspace       used 79141K, capacity 81572K, committed 81664K, reserved 1120256K
  class space    used 10031K, capacity 10717K, committed 10752K, reserved 1048576K
Event: 143.484 GC heap after
Heap after GC invocations=26 (full 5):
 PSYoungGen      total 495104K, used 18943K [0x00000000d5580000, 0x00000000fdb80000, 0x0000000100000000)
  eden space 407040K, 0% used [0x00000000d5580000,0x00000000d5580000,0x00000000ee300000)
  from space 88064K, 21% used [0x00000000ee300000,0x00000000ef57fee0,0x00000000f3900000)
  to   space 86016K, 0% used [0x00000000f8780000,0x00000000f8780000,0x00000000fdb80000)
 ParOldGen       total 454656K, used 261512K [0x0000000080000000, 0x000000009bc00000, 0x00000000d5580000)
  object space 454656K, 57% used [0x0000000080000000,0x000000008ff62240,0x000000009bc00000)
 Metaspace       used 79141K, capacity 81572K, committed 81664K, reserved 1120256K
  class space    used 10031K, capacity 10717K, committed 10752K, reserved 1048576K
}
Event: 147.594 GC heap before
{Heap before GC invocations=27 (full 5):
 PSYoungGen      total 495104K, used 425983K [0x00000000d5580000, 0x00000000fdb80000, 0x0000000100000000)
  eden space 407040K, 100% used [0x00000000d5580000,0x00000000ee300000,0x00000000ee300000)
  from space 88064K, 21% used [0x00000000ee300000,0x00000000ef57fee0,0x00000000f3900000)
  to   space 86016K, 0% used [0x00000000f8780000,0x00000000f8780000,0x00000000fdb80000)
 ParOldGen       total 454656K, used 261512K [0x0000000080000000, 0x000000009bc00000, 0x00000000d5580000)
  object space 454656K, 57% used [0x0000000080000000,0x000000008ff62240,0x000000009bc00000)
 Metaspace       used 79565K, capacity 82112K, committed 82304K, reserved 1120256K
  class space    used 10076K, capacity 10765K, committed 10880K, reserved 1048576K
Event: 147.887 GC heap after
Heap after GC invocations=27 (full 5):
 PSYoungGen      total 552448K, used 85998K [0x00000000d5580000, 0x0000000100000000, 0x0000000100000000)
  eden space 466432K, 0% used [0x00000000d5580000,0x00000000d5580000,0x00000000f1d00000)
  from space 86016K, 99% used [0x00000000f8780000,0x00000000fdb7b850,0x00000000fdb80000)
  to   space 109056K, 0% used [0x00000000f1d00000,0x00000000f1d00000,0x00000000f8780000)
 ParOldGen       total 454656K, used 285938K [0x0000000080000000, 0x000000009bc00000, 0x00000000d5580000)
  object space 454656K, 62% used [0x0000000080000000,0x000000009173c940,0x000000009bc00000)
 Metaspace       used 79565K, capacity 82112K, committed 82304K, reserved 1120256K
  class space    used 10076K, capacity 10765K, committed 10880K, reserved 1048576K
}
Event: 148.800 GC heap before
{Heap before GC invocations=28 (full 5):
 PSYoungGen      total 552448K, used 552430K [0x00000000d5580000, 0x0000000100000000, 0x0000000100000000)
  eden space 466432K, 100% used [0x00000000d5580000,0x00000000f1d00000,0x00000000f1d00000)
  from space 86016K, 99% used [0x00000000f8780000,0x00000000fdb7b850,0x00000000fdb80000)
  to   space 109056K, 0% used [0x00000000f1d00000,0x00000000f1d00000,0x00000000f8780000)
 ParOldGen       total 454656K, used 285938K [0x0000000080000000, 0x000000009bc00000, 0x00000000d5580000)
  object space 454656K, 62% used [0x0000000080000000,0x000000009173c940,0x000000009bc00000)
 Metaspace       used 79637K, capacity 82176K, committed 82304K, reserved 1120256K
  class space    used 10079K, capacity 10765K, committed 10880K, reserved 1048576K
Event: 149.079 GC heap after
Heap after GC invocations=28 (full 5):
 PSYoungGen      total 575488K, used 44736K [0x00000000d5580000, 0x0000000100000000, 0x0000000100000000)
  eden space 466432K, 0% used [0x00000000d5580000,0x00000000d5580000,0x00000000f1d00000)
  from space 109056K, 41% used [0x00000000f1d00000,0x00000000f48b0010,0x00000000f8780000)
  to   space 103424K, 0% used [0x00000000f9b00000,0x00000000f9b00000,0x0000000100000000)
 ParOldGen       total 454656K, used 371644K [0x0000000080000000, 0x000000009bc00000, 0x00000000d5580000)
  object space 454656K, 81% used [0x0000000080000000,0x0000000096aef110,0x000000009bc00000)
 Metaspace       used 79637K, capacity 82176K, committed 82304K, reserved 1120256K
  class space    used 10079K, capacity 10765K, committed 10880K, reserved 1048576K
}
Event: 153.045 GC heap before
{Heap before GC invocations=29 (full 5):
 PSYoungGen      total 575488K, used 511168K [0x00000000d5580000, 0x0000000100000000, 0x0000000100000000)
  eden space 466432K, 100% used [0x00000000d5580000,0x00000000f1d00000,0x00000000f1d00000)
  from space 109056K, 41% used [0x00000000f1d00000,0x00000000f48b0010,0x00000000f8780000)
  to   space 103424K, 0% used [0x00000000f9b00000,0x00000000f9b00000,0x0000000100000000)
 ParOldGen       total 454656K, used 371644K [0x0000000080000000, 0x000000009bc00000, 0x00000000d5580000)
  object space 454656K, 81% used [0x0000000080000000,0x0000000096aef110,0x000000009bc00000)
 Metaspace       used 86029K, capacity 88566K, committed 88832K, reserved 1126400K
  class space    used 10757K, capacity 11452K, committed 11520K, reserved 1048576K
Event: 153.440 GC heap after
Heap after GC invocations=29 (full 5):
 PSYoungGen      total 521728K, used 103412K [0x00000000d5580000, 0x0000000100000000, 0x0000000100000000)
  eden space 418304K, 0% used [0x00000000d5580000,0x00000000d5580000,0x00000000eee00000)
  from space 103424K, 99% used [0x00000000f9b00000,0x00000000ffffd0d8,0x0000000100000000)
  to   space 140288K, 0% used [0x00000000eee00000,0x00000000eee00000,0x00000000f7700000)
 ParOldGen       total 454656K, used 426158K [0x0000000080000000, 0x000000009bc00000, 0x00000000d5580000)
  object space 454656K, 93% used [0x0000000080000000,0x000000009a02b9b0,0x000000009bc00000)
 Metaspace       used 86029K, capacity 88566K, committed 88832K, reserved 1126400K
  class space    used 10757K, capacity 11452K, committed 11520K, reserved 1048576K
}
Event: 153.441 GC heap before
{Heap before GC invocations=30 (full 6):
 PSYoungGen      total 521728K, used 103412K [0x00000000d5580000, 0x0000000100000000, 0x0000000100000000)
  eden space 418304K, 0% used [0x00000000d5580000,0x00000000d5580000,0x00000000eee00000)
  from space 103424K, 99% used [0x00000000f9b00000,0x00000000ffffd0d8,0x0000000100000000)
  to   space 140288K, 0% used [0x00000000eee00000,0x00000000eee00000,0x00000000f7700000)
 ParOldGen       total 454656K, used 426158K [0x0000000080000000, 0x000000009bc00000, 0x00000000d5580000)
  object space 454656K, 93% used [0x0000000080000000,0x000000009a02b9b0,0x000000009bc00000)
 Metaspace       used 86029K, capacity 88566K, committed 88832K, reserved 1126400K
  class space    used 10757K, capacity 11452K, committed 11520K, reserved 1048576K

